Log file open, 11/12/21 15:48:28
LogWindows: Failed to load 'aqProf.dll' (GetLastError=126)
LogWindows: File 'aqProf.dll' does not exist
LogWindows: Failed to load 'VtuneApi.dll' (GetLastError=126)
LogWindows: File 'VtuneApi.dll' does not exist
LogWindows: Failed to load 'VtuneApi32e.dll' (GetLastError=126)
LogWindows: File 'VtuneApi32e.dll' does not exist
LogConsoleResponse: Display: Failed to find resolution value strings in scalability ini. Falling back to default.
LogConsoleResponse: Display: Failed to find resolution value strings in scalability ini. Falling back to default.
LogInit: Display: Running engine for game: MultiplayerGame
LogPlatformFile: Not using cached read wrapper
LogTaskGraph: Started task graph with 5 named threads and 35 total threads with 3 sets of task threads.
LogStats: Stats thread started at 0.339749
LogICUInternationalization: ICU TimeZone Detection - Raw Offset: +1:00, Platform Override: ''
LogInit: Display: Loading text-based GConfig....
LogPluginManager: Mounting plugin MeshPainting
LogPluginManager: Mounting plugin XGEController
LogPluginManager: Mounting plugin Paper2D
LogPluginManager: Mounting plugin LiveLink
LogPluginManager: Mounting plugin AISupport
LogPluginManager: Mounting plugin EnvironmentQueryEditor
LogPluginManager: Mounting plugin LightPropagationVolume
LogPluginManager: Mounting plugin OodleData
LogPluginManager: Mounting plugin DatasmithContent
LogPluginManager: Mounting plugin VariantManagerContent
LogPluginManager: Mounting plugin AssetManagerEditor
LogPluginManager: Mounting plugin CurveEditorTools
LogPluginManager: Mounting plugin DataValidation
LogPluginManager: Mounting plugin CryptoKeys
LogPluginManager: Mounting plugin FacialAnimation
LogPluginManager: Mounting plugin GameplayTagsEditor
LogPluginManager: Mounting plugin GeometryMode
LogPluginManager: Mounting plugin MacGraphicsSwitching
LogPluginManager: Mounting plugin MaterialAnalyzer
LogPluginManager: Mounting plugin PluginBrowser
LogPluginManager: Mounting plugin MobileLauncherProfileWizard
LogPluginManager: Mounting plugin SpeedTreeImporter
LogPluginManager: Mounting plugin CLionSourceCodeAccess
LogPluginManager: Mounting plugin KDevelopSourceCodeAccess
LogPluginManager: Mounting plugin GitSourceControl
LogPluginManager: Mounting plugin CodeLiteSourceCodeAccess
LogPluginManager: Mounting plugin NullSourceCodeAccess
LogPluginManager: Mounting plugin PerforceSourceControl
LogPluginManager: Mounting plugin PixWinPlugin
LogPluginManager: Mounting plugin PluginUtils
LogPluginManager: Mounting plugin PlasticSourceControl
LogPluginManager: Mounting plugin PropertyAccessNode
LogPluginManager: Mounting plugin TextureFormatOodle
LogPluginManager: Mounting plugin UObjectPlugin
LogPluginManager: Mounting plugin AnimationSharing
LogPluginManager: Mounting plugin RiderSourceCodeAccess
LogPluginManager: Mounting plugin VisualStudioCodeSourceCodeAccess
LogPluginManager: Mounting plugin SubversionSourceControl
LogPluginManager: Mounting plugin VisualStudioSourceCodeAccess
LogPluginManager: Mounting plugin AlembicImporter
LogPluginManager: Mounting plugin XCodeSourceCodeAccess
LogPluginManager: Mounting plugin AutomationUtils
LogPluginManager: Mounting plugin BackChannel
LogPluginManager: Mounting plugin ChaosCloth
LogPluginManager: Mounting plugin ChaosEditor
LogPluginManager: Mounting plugin ChaosClothEditor
LogPluginManager: Mounting plugin ChaosNiagara
LogPluginManager: Mounting plugin CharacterAI
LogPluginManager: Mounting plugin ChaosSolverPlugin
LogPluginManager: Mounting plugin Niagara
LogPluginManager: Mounting plugin LuminPlatformFeatures
LogPluginManager: Mounting plugin MagicLeap
LogPluginManager: Mounting plugin MagicLeapLightEstimation
LogPluginManager: Mounting plugin MagicLeapMedia
LogPluginManager: Mounting plugin GeometryCache
LogPluginManager: Mounting plugin GeometryCollectionPlugin
LogPluginManager: Mounting plugin GeometryProcessing
LogPluginManager: Mounting plugin MagicLeapPassableWorld
LogPluginManager: Mounting plugin MLSDK
LogPluginManager: Mounting plugin MotoSynth
LogPluginManager: Mounting plugin OpenImageDenoise
LogPluginManager: Mounting plugin ProxyLODPlugin
LogPluginManager: Mounting plugin PlatformCrypto
LogPluginManager: Mounting plugin PlanarCut
LogPluginManager: Mounting plugin PythonScriptPlugin
LogPluginManager: Mounting plugin SkeletalReduction
LogPluginManager: Mounting plugin AndroidMedia
LogPluginManager: Mounting plugin AvfMedia
LogPluginManager: Mounting plugin ImgMedia
LogPluginManager: Mounting plugin MediaPlayerEditor
LogPluginManager: Mounting plugin WebMMedia
LogPluginManager: Mounting plugin WmfMedia
LogPluginManager: Mounting plugin MediaCompositing
LogPluginManager: Mounting plugin LevelSequenceEditor
LogPluginManager: Mounting plugin MatineeToLevelSequence
LogPluginManager: Mounting plugin TemplateSequence
LogPluginManager: Mounting plugin ActorSequence
LogPluginManager: Mounting plugin UdpMessaging
LogPluginManager: Mounting plugin TcpMessaging
LogPluginManager: Mounting plugin OnlineSubsystem
LogPluginManager: Mounting plugin OnlineSubsystemNull
LogPluginManager: Mounting plugin OnlineSubsystemUtils
LogPluginManager: Mounting plugin LauncherChunkInstaller
LogPluginManager: Mounting plugin ActorLayerUtilities
LogPluginManager: Mounting plugin AndroidDeviceProfileSelector
LogPluginManager: Mounting plugin AndroidMoviePlayer
LogPluginManager: Mounting plugin AndroidPermission
LogPluginManager: Mounting plugin AppleImageUtils
LogPluginManager: Mounting plugin AppleMoviePlayer
LogPluginManager: Mounting plugin AssetTags
LogPluginManager: Mounting plugin AudioCapture
LogPluginManager: Mounting plugin AudioSynesthesia
LogPluginManager: Mounting plugin ArchVisCharacter
LogPluginManager: Mounting plugin CableComponent
LogPluginManager: Mounting plugin ChunkDownloader
LogPluginManager: Mounting plugin CustomMeshComponent
LogPluginManager: Mounting plugin EditableMesh
LogPluginManager: Mounting plugin ExampleDeviceProfileSelector
LogPluginManager: Mounting plugin ScreenshotTools
LogPluginManager: Mounting plugin GoogleCloudMessaging
LogPluginManager: Mounting plugin GooglePAD
LogPluginManager: Mounting plugin LinuxDeviceProfileSelector
LogPluginManager: Mounting plugin IOSDeviceProfileSelector
LogPluginManager: Mounting plugin LocationServicesBPLibrary
LogPluginManager: Mounting plugin MobilePatchingUtils
LogPluginManager: Mounting plugin Takes
LogPluginManager: Mounting plugin OpenXREyeTracker
LogPluginManager: Mounting plugin OpenXR
LogPluginManager: Mounting plugin OpenXRHandTracking
LogPluginManager: Mounting plugin PhysXVehicles
LogPluginManager: Mounting plugin PostSplashScreen
LogPluginManager: Mounting plugin ProceduralMeshComponent
LogPluginManager: Mounting plugin PropertyAccessEditor
LogPluginManager: Mounting plugin RuntimePhysXCooking
LogPluginManager: Mounting plugin SignificanceManager
LogPluginManager: Mounting plugin SoundFields
LogPluginManager: Mounting plugin Synthesis
LogPluginManager: Mounting plugin WindowsMoviePlayer
LogPluginManager: Mounting plugin WebMMoviePlayer
LogPluginManager: Mounting plugin OodleNetwork
LogPluginManager: Mounting plugin CameraShakePreviewer
LogPluginManager: Mounting plugin GameplayCameras
LogPluginManager: Mounting plugin ContentBrowserAssetDataSource
LogPluginManager: Mounting plugin ContentBrowserFileDataSource
LogPluginManager: Mounting plugin ContentBrowserClassDataSource
LogPluginManager: Mounting plugin OnlineSubsystemGooglePlay
LogPluginManager: Mounting plugin OnlineSubsystemIOS
LogPluginManager: Mounting plugin OculusVR
LogPluginManager: Mounting plugin SteamVR
PixWinPlugin: PIX capture plugin failed to initialize! Check that the process is launched from PIX.
LogInit: Using libcurl 7.55.1-DEV
LogInit:  - built for x86_64-pc-win32
LogInit:  - supports SSL with OpenSSL/1.1.1
LogInit:  - supports HTTP deflate (compression) using libz 1.2.8
LogInit:  - other features:
LogInit:      CURL_VERSION_SSL
LogInit:      CURL_VERSION_LIBZ
LogInit:      CURL_VERSION_IPV6
LogInit:      CURL_VERSION_ASYNCHDNS
LogInit:      CURL_VERSION_LARGEFILE
LogInit:      CURL_VERSION_IDN
LogInit:  CurlRequestOptions (configurable via config and command line):
LogInit:  - bVerifyPeer = true  - Libcurl will verify peer certificate
LogInit:  - bUseHttpProxy = false  - Libcurl will NOT use HTTP proxy
LogInit:  - bDontReuseConnections = false  - Libcurl will reuse connections
LogInit:  - MaxHostConnections = 16  - Libcurl will limit the number of connections to a host
LogInit:  - LocalHostAddr = Default
LogInit:  - BufferSize = 65536
LogOnline: OSS: Creating online subsystem instance for: NULL
LogInit: WinSock: version 1.1 (2.2), MaxSocks=32767, MaxUdp=65467
LogOnline: OSS: TryLoadSubsystemAndSetDefault: Loaded subsystem for module [NULL]
LogOculusPluginWrapper: OculusPlugin initialized successfully
LogHMD: Failed initializing OVRPlugin 1.59.0
LogInit: Build: ++UE4+Release-4.27-CL-17735300
LogInit: Engine Version: 4.27.1-17735300+++UE4+Release-4.27
LogInit: Compatible Engine Version: 4.27.0-17155196+++UE4+Release-4.27
LogInit: Net CL: 17155196
LogInit: OS: Windows 10 (Release 2009) (), CPU: AMD Ryzen 5 2600 Six-Core Processor            , GPU: NVIDIA GeForce RTX 2070 SUPER
LogInit: Compiled (64-bit): Oct  6 2021 14:42:51
LogInit: Compiled with Visual C++: 19.24.28315.00
LogInit: Build Configuration: Development
LogInit: Branch Name: ++UE4+Release-4.27
LogInit: Command Line: 
LogInit: Base Directory: C:/Program Files/Epic Games/UE_4.27/Engine/Binaries/Win64/
LogInit: Allocator: TBB
LogInit: Installed Engine Build: 1
LogDevObjectVersion: Number of dev versions registered: 29
LogDevObjectVersion:   Dev-Blueprints (B0D832E4-1F89-4F0D-ACCF-7EB736FD4AA2): 10
LogDevObjectVersion:   Dev-Build (E1C64328-A22C-4D53-A36C-8E866417BD8C): 0
LogDevObjectVersion:   Dev-Core (375EC13C-06E4-48FB-B500-84F0262A717E): 4
LogDevObjectVersion:   Dev-Editor (E4B068ED-F494-42E9-A231-DA0B2E46BB41): 40
LogDevObjectVersion:   Dev-Framework (CFFC743F-43B0-4480-9391-14DF171D2073): 37
LogDevObjectVersion:   Dev-Mobile (B02B49B5-BB20-44E9-A304-32B752E40360): 3
LogDevObjectVersion:   Dev-Networking (A4E4105C-59A1-49B5-A7C5-40C4547EDFEE): 0
LogDevObjectVersion:   Dev-Online (39C831C9-5AE6-47DC-9A44-9C173E1C8E7C): 0
LogDevObjectVersion:   Dev-Physics (78F01B33-EBEA-4F98-B9B4-84EACCB95AA2): 14
LogDevObjectVersion:   Dev-Platform (6631380F-2D4D-43E0-8009-CF276956A95A): 0
LogDevObjectVersion:   Dev-Rendering (12F88B9F-8875-4AFC-A67C-D90C383ABD29): 45
LogDevObjectVersion:   Dev-Sequencer (7B5AE74C-D270-4C10-A958-57980B212A5A): 13
LogDevObjectVersion:   Dev-VR (D7296918-1DD6-4BDD-9DE2-64A83CC13884): 3
LogDevObjectVersion:   Dev-LoadTimes (C2A15278-BFE7-4AFE-6C17-90FF531DF755): 1
LogDevObjectVersion:   Private-Geometry (6EACA3D4-40EC-4CC1-B786-8BED09428FC5): 3
LogDevObjectVersion:   Dev-AnimPhys (29E575DD-E0A3-4627-9D10-D276232CDCEA): 17
LogDevObjectVersion:   Dev-Anim (AF43A65D-7FD3-4947-9873-3E8ED9C1BB05): 15
LogDevObjectVersion:   Dev-ReflectionCapture (6B266CEC-1EC7-4B8F-A30B-E4D90942FC07): 1
LogDevObjectVersion:   Dev-Automation (0DF73D61-A23F-47EA-B727-89E90C41499A): 1
LogDevObjectVersion:   FortniteMain (601D1886-AC64-4F84-AA16-D3DE0DEAC7D6): 47
LogDevObjectVersion:   FortniteRelease (E7086368-6B23-4C58-8439-1B7016265E91): 1
LogDevObjectVersion:   Dev-Enterprise (9DFFBCD6-494F-0158-E221-12823C92A888): 10
LogDevObjectVersion:   Dev-Niagara (F2AED0AC-9AFE-416F-8664-AA7FFA26D6FC): 1
LogDevObjectVersion:   Dev-Destruction (174F1F0B-B4C6-45A5-B13F-2EE8D0FB917D): 10
LogDevObjectVersion:   Dev-Physics-Ext (35F94A83-E258-406C-A318-09F59610247C): 41
LogDevObjectVersion:   Dev-PhysicsMaterial-Chaos (B68FC16E-8B1B-42E2-B453-215C058844FE): 1
LogDevObjectVersion:   Dev-CineCamera (B2E18506-4273-CFC2-A54E-F4BB758BBA07): 1
LogDevObjectVersion:   Dev-VirtualProduction (64F58936-FD1B-42BA-BA96-7289D5D0FA4E): 1
LogDevObjectVersion:   Dev-MediaFramework (6F0ED827-A609-4895-9C91-998D90180EA4): 2
LogInit: Presizing for max 25165824 objects, including 0 objects not considered by GC, pre-allocating 0 bytes for permanent pool.
LogConfig: Applying CVar settings from Section [/Script/Engine.StreamingSettings] File [C:/Users/Paki/Documents/GitHub/Unreal_multiplayer/MultiplayerGame/Saved/Config/Windows/Engine.ini]
LogConfig: Setting CVar [[s.MinBulkDataSizeForAsyncLoading:131072]]
LogConfig: Setting CVar [[s.AsyncLoadingThreadEnabled:0]]
LogConfig: Setting CVar [[s.EventDrivenLoaderEnabled:1]]
LogConfig: Setting CVar [[s.WarnIfTimeLimitExceeded:0]]
LogConfig: Setting CVar [[s.TimeLimitExceededMultiplier:1.5]]
LogConfig: Setting CVar [[s.TimeLimitExceededMinTime:0.005]]
LogConfig: Setting CVar [[s.UseBackgroundLevelStreaming:1]]
LogConfig: Setting CVar [[s.PriorityAsyncLoadingExtraTime:15.0]]
LogConfig: Setting CVar [[s.LevelStreamingActorsUpdateTimeLimit:5.0]]
LogConfig: Setting CVar [[s.PriorityLevelStreamingActorsUpdateExtraTime:5.0]]
LogConfig: Setting CVar [[s.LevelStreamingComponentsRegistrationGranularity:10]]
LogConfig: Setting CVar [[s.UnregisterComponentsTimeLimit:1.0]]
LogConfig: Setting CVar [[s.LevelStreamingComponentsUnregistrationGranularity:5]]
LogConfig: Setting CVar [[s.FlushStreamingOnExit:1]]
LogInit: Object subsystem initialized
LogConfig: Setting CVar [[con.DebugEarlyDefault:1]]
LogConfig: Setting CVar [[r.setres:1280x720]]
[2021.11.12-14.48.29:349][  0]LogConfig: Setting CVar [[r.VSync:0]]
[2021.11.12-14.48.29:349][  0]LogConfig: Setting CVar [[r.RHICmdBypass:0]]
[2021.11.12-14.48.29:349][  0]LogConfig: Applying CVar settings from Section [/Script/Engine.RendererSettings] File [C:/Users/Paki/Documents/GitHub/Unreal_multiplayer/MultiplayerGame/Saved/Config/Windows/Engine.ini]
[2021.11.12-14.48.29:350][  0]LogConfig: Setting CVar [[r.GPUCrashDebugging:0]]
[2021.11.12-14.48.29:350][  0]LogConfig: Applying CVar settings from Section [/Script/Engine.RendererOverrideSettings] File [C:/Users/Paki/Documents/GitHub/Unreal_multiplayer/MultiplayerGame/Saved/Config/Windows/Engine.ini]
[2021.11.12-14.48.29:350][  0]LogConfig: Applying CVar settings from Section [/Script/Engine.StreamingSettings] File [C:/Users/Paki/Documents/GitHub/Unreal_multiplayer/MultiplayerGame/Saved/Config/Windows/Engine.ini]
[2021.11.12-14.48.29:350][  0]LogConfig: Setting CVar [[s.MinBulkDataSizeForAsyncLoading:131072]]
[2021.11.12-14.48.29:350][  0]LogConfig: Setting CVar [[s.AsyncLoadingThreadEnabled:0]]
[2021.11.12-14.48.29:350][  0]LogConfig: Setting CVar [[s.EventDrivenLoaderEnabled:1]]
[2021.11.12-14.48.29:350][  0]LogConfig: Setting CVar [[s.WarnIfTimeLimitExceeded:0]]
[2021.11.12-14.48.29:350][  0]LogConfig: Setting CVar [[s.TimeLimitExceededMultiplier:1.5]]
[2021.11.12-14.48.29:350][  0]LogConfig: Setting CVar [[s.TimeLimitExceededMinTime:0.005]]
[2021.11.12-14.48.29:350][  0]LogConfig: Setting CVar [[s.UseBackgroundLevelStreaming:1]]
[2021.11.12-14.48.29:350][  0]LogConfig: Setting CVar [[s.PriorityAsyncLoadingExtraTime:15.0]]
[2021.11.12-14.48.29:350][  0]LogConfig: Setting CVar [[s.LevelStreamingActorsUpdateTimeLimit:5.0]]
[2021.11.12-14.48.29:350][  0]LogConfig: Setting CVar [[s.PriorityLevelStreamingActorsUpdateExtraTime:5.0]]
[2021.11.12-14.48.29:350][  0]LogConfig: Setting CVar [[s.LevelStreamingComponentsRegistrationGranularity:10]]
[2021.11.12-14.48.29:350][  0]LogConfig: Setting CVar [[s.UnregisterComponentsTimeLimit:1.0]]
[2021.11.12-14.48.29:350][  0]LogConfig: Setting CVar [[s.LevelStreamingComponentsUnregistrationGranularity:5]]
[2021.11.12-14.48.29:350][  0]LogConfig: Setting CVar [[s.FlushStreamingOnExit:1]]
[2021.11.12-14.48.29:350][  0]LogConfig: Applying CVar settings from Section [/Script/Engine.GarbageCollectionSettings] File [C:/Users/Paki/Documents/GitHub/Unreal_multiplayer/MultiplayerGame/Saved/Config/Windows/Engine.ini]
[2021.11.12-14.48.29:350][  0]LogConfig: Setting CVar [[gc.MaxObjectsNotConsideredByGC:1]]
[2021.11.12-14.48.29:350][  0]LogConfig: Setting CVar [[gc.SizeOfPermanentObjectPool:0]]
[2021.11.12-14.48.29:350][  0]LogConfig: Setting CVar [[gc.FlushStreamingOnGC:0]]
[2021.11.12-14.48.29:350][  0]LogConfig: Setting CVar [[gc.NumRetriesBeforeForcingGC:10]]
[2021.11.12-14.48.29:350][  0]LogConfig: Setting CVar [[gc.AllowParallelGC:1]]
[2021.11.12-14.48.29:350][  0]LogConfig: Setting CVar [[gc.TimeBetweenPurgingPendingKillObjects:61.1]]
[2021.11.12-14.48.29:350][  0]LogConfig: Setting CVar [[gc.MaxObjectsInEditor:25165824]]
[2021.11.12-14.48.29:350][  0]LogConfig: Setting CVar [[gc.IncrementalBeginDestroyEnabled:1]]
[2021.11.12-14.48.29:350][  0]LogConfig: Setting CVar [[gc.CreateGCClusters:1]]
[2021.11.12-14.48.29:350][  0]LogConfig: Setting CVar [[gc.MinGCClusterSize:5]]
[2021.11.12-14.48.29:350][  0]LogConfig: Setting CVar [[gc.ActorClusteringEnabled:0]]
[2021.11.12-14.48.29:350][  0]LogConfig: Setting CVar [[gc.BlueprintClusteringEnabled:0]]
[2021.11.12-14.48.29:350][  0]LogConfig: Setting CVar [[gc.UseDisregardForGCOnDedicatedServers:0]]
[2021.11.12-14.48.29:350][  0]LogConfig: Setting CVar [[gc.MultithreadedDestructionEnabled:1]]
[2021.11.12-14.48.29:350][  0]LogConfig: Applying CVar settings from Section [/Script/Engine.NetworkSettings] File [C:/Users/Paki/Documents/GitHub/Unreal_multiplayer/MultiplayerGame/Saved/Config/Windows/Engine.ini]
[2021.11.12-14.48.29:350][  0]LogConfig: Applying CVar settings from Section [/Script/UnrealEd.CookerSettings] File [C:/Users/Paki/Documents/GitHub/Unreal_multiplayer/MultiplayerGame/Saved/Config/Windows/Engine.ini]
[2021.11.12-14.48.29:364][  0]LogConfig: Applying CVar settings from Section [ViewDistanceQuality@3] File [C:/Users/Paki/Documents/GitHub/Unreal_multiplayer/MultiplayerGame/Saved/Config/Windows/Scalability.ini]
[2021.11.12-14.48.29:364][  0]LogConfig: Setting CVar [[r.SkeletalMeshLODBias:0]]
[2021.11.12-14.48.29:364][  0]LogConfig: Setting CVar [[r.ViewDistanceScale:1.0]]
[2021.11.12-14.48.29:364][  0]LogConfig: Applying CVar settings from Section [AntiAliasingQuality@3] File [C:/Users/Paki/Documents/GitHub/Unreal_multiplayer/MultiplayerGame/Saved/Config/Windows/Scalability.ini]
[2021.11.12-14.48.29:364][  0]LogConfig: Setting CVar [[r.PostProcessAAQuality:4]]
[2021.11.12-14.48.29:365][  0]LogConfig: Applying CVar settings from Section [ShadowQuality@3] File [C:/Users/Paki/Documents/GitHub/Unreal_multiplayer/MultiplayerGame/Saved/Config/Windows/Scalability.ini]
[2021.11.12-14.48.29:365][  0]LogConfig: Setting CVar [[r.LightFunctionQuality:1]]
[2021.11.12-14.48.29:365][  0]LogConfig: Setting CVar [[r.ShadowQuality:5]]
[2021.11.12-14.48.29:365][  0]LogConfig: Setting CVar [[r.Shadow.CSM.MaxCascades:10]]
[2021.11.12-14.48.29:365][  0]LogConfig: Setting CVar [[r.Shadow.MaxResolution:2048]]
[2021.11.12-14.48.29:365][  0]LogConfig: Setting CVar [[r.Shadow.MaxCSMResolution:2048]]
[2021.11.12-14.48.29:365][  0]LogConfig: Setting CVar [[r.Shadow.RadiusThreshold:0.01]]
[2021.11.12-14.48.29:365][  0]LogConfig: Setting CVar [[r.Shadow.DistanceScale:1.0]]
[2021.11.12-14.48.29:365][  0]LogConfig: Setting CVar [[r.Shadow.CSM.TransitionScale:1.0]]
[2021.11.12-14.48.29:365][  0]LogConfig: Setting CVar [[r.Shadow.PreShadowResolutionFactor:1.0]]
[2021.11.12-14.48.29:365][  0]LogConfig: Setting CVar [[r.DistanceFieldShadowing:1]]
[2021.11.12-14.48.29:365][  0]LogConfig: Setting CVar [[r.DistanceFieldAO:1]]
[2021.11.12-14.48.29:365][  0]LogConfig: Setting CVar [[r.AOQuality:2]]
[2021.11.12-14.48.29:365][  0]LogConfig: Setting CVar [[r.VolumetricFog:1]]
[2021.11.12-14.48.29:365][  0]LogConfig: Setting CVar [[r.VolumetricFog.GridPixelSize:8]]
[2021.11.12-14.48.29:365][  0]LogConfig: Setting CVar [[r.VolumetricFog.GridSizeZ:128]]
[2021.11.12-14.48.29:365][  0]LogConfig: Setting CVar [[r.VolumetricFog.HistoryMissSupersampleCount:4]]
[2021.11.12-14.48.29:365][  0]LogConfig: Setting CVar [[r.LightMaxDrawDistanceScale:1]]
[2021.11.12-14.48.29:365][  0]LogConfig: Setting CVar [[r.CapsuleShadows:1]]
[2021.11.12-14.48.29:365][  0]LogConfig: Applying CVar settings from Section [PostProcessQuality@3] File [C:/Users/Paki/Documents/GitHub/Unreal_multiplayer/MultiplayerGame/Saved/Config/Windows/Scalability.ini]
[2021.11.12-14.48.29:365][  0]LogConfig: Setting CVar [[r.MotionBlurQuality:4]]
[2021.11.12-14.48.29:365][  0]LogConfig: Setting CVar [[r.AmbientOcclusionMipLevelFactor:0.4]]
[2021.11.12-14.48.29:365][  0]LogConfig: Setting CVar [[r.AmbientOcclusionMaxQuality:100]]
[2021.11.12-14.48.29:365][  0]LogConfig: Setting CVar [[r.AmbientOcclusionLevels:-1]]
[2021.11.12-14.48.29:365][  0]LogConfig: Setting CVar [[r.AmbientOcclusionRadiusScale:1.0]]
[2021.11.12-14.48.29:365][  0]LogConfig: Setting CVar [[r.DepthOfFieldQuality:2]]
[2021.11.12-14.48.29:365][  0]LogConfig: Setting CVar [[r.RenderTargetPoolMin:400]]
[2021.11.12-14.48.29:365][  0]LogConfig: Setting CVar [[r.LensFlareQuality:2]]
[2021.11.12-14.48.29:365][  0]LogConfig: Setting CVar [[r.SceneColorFringeQuality:1]]
[2021.11.12-14.48.29:365][  0]LogConfig: Setting CVar [[r.EyeAdaptationQuality:2]]
[2021.11.12-14.48.29:365][  0]LogConfig: Setting CVar [[r.BloomQuality:5]]
[2021.11.12-14.48.29:365][  0]LogConfig: Setting CVar [[r.FastBlurThreshold:100]]
[2021.11.12-14.48.29:365][  0]LogConfig: Setting CVar [[r.Upscale.Quality:3]]
[2021.11.12-14.48.29:365][  0]LogConfig: Setting CVar [[r.Tonemapper.GrainQuantization:1]]
[2021.11.12-14.48.29:365][  0]LogConfig: Setting CVar [[r.LightShaftQuality:1]]
[2021.11.12-14.48.29:365][  0]LogConfig: Setting CVar [[r.Filter.SizeScale:1]]
[2021.11.12-14.48.29:365][  0]LogConfig: Setting CVar [[r.Tonemapper.Quality:5]]
[2021.11.12-14.48.29:365][  0]LogConfig: Setting CVar [[r.DOF.Gather.AccumulatorQuality:1        ; higher gathering accumulator quality]]
[2021.11.12-14.48.29:365][  0]LogConfig: Setting CVar [[r.DOF.Gather.PostfilterMethod:1          ; Median3x3 postfilering method]]
[2021.11.12-14.48.29:365][  0]LogConfig: Setting CVar [[r.DOF.Gather.EnableBokehSettings:0       ; no bokeh simulation when gathering]]
[2021.11.12-14.48.29:365][  0]LogConfig: Setting CVar [[r.DOF.Gather.RingCount:4                 ; medium number of samples when gathering]]
[2021.11.12-14.48.29:365][  0]LogConfig: Setting CVar [[r.DOF.Scatter.ForegroundCompositing:1    ; additive foreground scattering]]
[2021.11.12-14.48.29:365][  0]LogConfig: Setting CVar [[r.DOF.Scatter.BackgroundCompositing:2    ; additive background scattering]]
[2021.11.12-14.48.29:365][  0]LogConfig: Setting CVar [[r.DOF.Scatter.EnableBokehSettings:1      ; bokeh simulation when scattering]]
[2021.11.12-14.48.29:365][  0]LogConfig: Setting CVar [[r.DOF.Scatter.MaxSpriteRatio:0.1         ; only a maximum of 10% of scattered bokeh]]
[2021.11.12-14.48.29:365][  0]LogConfig: Setting CVar [[r.DOF.Recombine.Quality:1                ; cheap slight out of focus]]
[2021.11.12-14.48.29:365][  0]LogConfig: Setting CVar [[r.DOF.Recombine.EnableBokehSettings:0    ; no bokeh simulation on slight out of focus]]
[2021.11.12-14.48.29:365][  0]LogConfig: Setting CVar [[r.DOF.TemporalAAQuality:1                ; more stable temporal accumulation]]
[2021.11.12-14.48.29:365][  0]LogConfig: Setting CVar [[r.DOF.Kernel.MaxForegroundRadius:0.025]]
[2021.11.12-14.48.29:365][  0]LogConfig: Setting CVar [[r.DOF.Kernel.MaxBackgroundRadius:0.025]]
[2021.11.12-14.48.29:365][  0]LogConfig: Applying CVar settings from Section [TextureQuality@3] File [C:/Users/Paki/Documents/GitHub/Unreal_multiplayer/MultiplayerGame/Saved/Config/Windows/Scalability.ini]
[2021.11.12-14.48.29:365][  0]LogConfig: Setting CVar [[r.Streaming.MipBias:0]]
[2021.11.12-14.48.29:365][  0]LogConfig: Setting CVar [[r.Streaming.AmortizeCPUToGPUCopy:0]]
[2021.11.12-14.48.29:365][  0]LogConfig: Setting CVar [[r.Streaming.MaxNumTexturesToStreamPerFrame:0]]
[2021.11.12-14.48.29:365][  0]LogConfig: Setting CVar [[r.Streaming.Boost:1]]
[2021.11.12-14.48.29:365][  0]LogConfig: Setting CVar [[r.MaxAnisotropy:8]]
[2021.11.12-14.48.29:365][  0]LogConfig: Setting CVar [[r.VT.MaxAnisotropy:8]]
[2021.11.12-14.48.29:365][  0]LogConfig: Setting CVar [[r.Streaming.LimitPoolSizeToVRAM:0]]
[2021.11.12-14.48.29:365][  0]LogConfig: Setting CVar [[r.Streaming.PoolSize:1000]]
[2021.11.12-14.48.29:365][  0]LogConfig: Setting CVar [[r.Streaming.MaxEffectiveScreenSize:0]]
[2021.11.12-14.48.29:365][  0]LogConfig: Applying CVar settings from Section [EffectsQuality@3] File [C:/Users/Paki/Documents/GitHub/Unreal_multiplayer/MultiplayerGame/Saved/Config/Windows/Scalability.ini]
[2021.11.12-14.48.29:365][  0]LogConfig: Setting CVar [[r.TranslucencyLightingVolumeDim:64]]
[2021.11.12-14.48.29:365][  0]LogConfig: Setting CVar [[r.RefractionQuality:2]]
[2021.11.12-14.48.29:365][  0]LogConfig: Setting CVar [[r.SSR.Quality:3]]
[2021.11.12-14.48.29:365][  0]LogConfig: Setting CVar [[r.SSR.HalfResSceneColor:0]]
[2021.11.12-14.48.29:365][  0]LogConfig: Setting CVar [[r.SceneColorFormat:4]]
[2021.11.12-14.48.29:365][  0]LogConfig: Setting CVar [[r.DetailMode:2]]
[2021.11.12-14.48.29:365][  0]LogConfig: Setting CVar [[r.TranslucencyVolumeBlur:1]]
[2021.11.12-14.48.29:365][  0]LogConfig: Setting CVar [[r.MaterialQualityLevel:1 ; High quality]]
[2021.11.12-14.48.29:365][  0]LogConfig: Setting CVar [[r.AnisotropicMaterials:1]]
[2021.11.12-14.48.29:365][  0]LogConfig: Setting CVar [[r.SSS.Scale:1]]
[2021.11.12-14.48.29:365][  0]LogConfig: Setting CVar [[r.SSS.SampleSet:2]]
[2021.11.12-14.48.29:365][  0]LogConfig: Setting CVar [[r.SSS.Quality:1]]
[2021.11.12-14.48.29:365][  0]LogConfig: Setting CVar [[r.SSS.HalfRes:0]]
[2021.11.12-14.48.29:365][  0]LogConfig: Setting CVar [[r.SSGI.Quality:3]]
[2021.11.12-14.48.29:365][  0]LogConfig: Setting CVar [[r.EmitterSpawnRateScale:1.0]]
[2021.11.12-14.48.29:365][  0]LogConfig: Setting CVar [[r.ParticleLightQuality:2]]
[2021.11.12-14.48.29:365][  0]LogConfig: Setting CVar [[r.SkyAtmosphere.AerialPerspectiveLUT.FastApplyOnOpaque:1 ; Always have FastSkyLUT 1 in this case to avoid wrong sky]]
[2021.11.12-14.48.29:365][  0]LogConfig: Setting CVar [[r.SkyAtmosphere.AerialPerspectiveLUT.SampleCountMaxPerSlice:4]]
[2021.11.12-14.48.29:365][  0]LogConfig: Setting CVar [[r.SkyAtmosphere.AerialPerspectiveLUT.DepthResolution:16.0]]
[2021.11.12-14.48.29:365][  0]LogConfig: Setting CVar [[r.SkyAtmosphere.FastSkyLUT:1]]
[2021.11.12-14.48.29:365][  0]LogConfig: Setting CVar [[r.SkyAtmosphere.FastSkyLUT.SampleCountMin:4.0]]
[2021.11.12-14.48.29:365][  0]LogConfig: Setting CVar [[r.SkyAtmosphere.FastSkyLUT.SampleCountMax:128.0]]
[2021.11.12-14.48.29:365][  0]LogConfig: Setting CVar [[r.SkyAtmosphere.SampleCountMin:4.0]]
[2021.11.12-14.48.29:366][  0]LogConfig: Setting CVar [[r.SkyAtmosphere.SampleCountMax:128.0]]
[2021.11.12-14.48.29:366][  0]LogConfig: Setting CVar [[r.SkyAtmosphere.TransmittanceLUT.UseSmallFormat:0]]
[2021.11.12-14.48.29:366][  0]LogConfig: Setting CVar [[r.SkyAtmosphere.TransmittanceLUT.SampleCount:10.0]]
[2021.11.12-14.48.29:366][  0]LogConfig: Setting CVar [[r.SkyAtmosphere.MultiScatteringLUT.SampleCount:15.0]]
[2021.11.12-14.48.29:366][  0]LogConfig: Setting CVar [[r.SkyLight.RealTimeReflectionCapture:1]]
[2021.11.12-14.48.29:366][  0]LogConfig: Applying CVar settings from Section [FoliageQuality@3] File [C:/Users/Paki/Documents/GitHub/Unreal_multiplayer/MultiplayerGame/Saved/Config/Windows/Scalability.ini]
[2021.11.12-14.48.29:366][  0]LogConfig: Setting CVar [[foliage.DensityScale:1.0]]
[2021.11.12-14.48.29:366][  0]LogConfig: Setting CVar [[grass.DensityScale:1.0]]
[2021.11.12-14.48.29:366][  0]LogConfig: Applying CVar settings from Section [ShadingQuality@3] File [C:/Users/Paki/Documents/GitHub/Unreal_multiplayer/MultiplayerGame/Saved/Config/Windows/Scalability.ini]
[2021.11.12-14.48.29:366][  0]LogConfig: Setting CVar [[r.HairStrands.SkyLighting.IntegrationType:2]]
[2021.11.12-14.48.29:366][  0]LogConfig: Setting CVar [[r.HairStrands.SkyAO.SampleCount:4]]
[2021.11.12-14.48.29:366][  0]LogConfig: Setting CVar [[r.HairStrands.Visibility.MSAA.SamplePerPixel:4]]
[2021.11.12-14.48.29:366][  0]LogInit: Selected Device Profile: [Windows]
[2021.11.12-14.48.29:366][  0]LogInit: Applying CVar settings loaded from the selected device profile: [Windows]
[2021.11.12-14.48.29:366][  0]LogHAL: Display: Platform has ~ 16 GB [17107714048 / 17179869184 / 16], which maps to Larger [LargestMinGB=32, LargerMinGB=12, DefaultMinGB=8, SmallerMinGB=6, SmallestMinGB=0)
[2021.11.12-14.48.29:366][  0]LogInit: Going up to parent DeviceProfile []
[2021.11.12-14.48.29:366][  0]LogConfig: Applying CVar settings from Section [ViewDistanceQuality@3] File [C:/Users/Paki/Documents/GitHub/Unreal_multiplayer/MultiplayerGame/Saved/Config/Windows/Scalability.ini]
[2021.11.12-14.48.29:366][  0]LogConfig: Setting CVar [[r.SkeletalMeshLODBias:0]]
[2021.11.12-14.48.29:366][  0]LogConfig: Setting CVar [[r.ViewDistanceScale:1.0]]
[2021.11.12-14.48.29:366][  0]LogConfig: Applying CVar settings from Section [AntiAliasingQuality@3] File [C:/Users/Paki/Documents/GitHub/Unreal_multiplayer/MultiplayerGame/Saved/Config/Windows/Scalability.ini]
[2021.11.12-14.48.29:366][  0]LogConfig: Setting CVar [[r.PostProcessAAQuality:4]]
[2021.11.12-14.48.29:366][  0]LogConfig: Applying CVar settings from Section [ShadowQuality@3] File [C:/Users/Paki/Documents/GitHub/Unreal_multiplayer/MultiplayerGame/Saved/Config/Windows/Scalability.ini]
[2021.11.12-14.48.29:366][  0]LogConfig: Setting CVar [[r.LightFunctionQuality:1]]
[2021.11.12-14.48.29:366][  0]LogConfig: Setting CVar [[r.ShadowQuality:5]]
[2021.11.12-14.48.29:366][  0]LogConfig: Setting CVar [[r.Shadow.CSM.MaxCascades:10]]
[2021.11.12-14.48.29:366][  0]LogConfig: Setting CVar [[r.Shadow.MaxResolution:2048]]
[2021.11.12-14.48.29:366][  0]LogConfig: Setting CVar [[r.Shadow.MaxCSMResolution:2048]]
[2021.11.12-14.48.29:366][  0]LogConfig: Setting CVar [[r.Shadow.RadiusThreshold:0.01]]
[2021.11.12-14.48.29:366][  0]LogConfig: Setting CVar [[r.Shadow.DistanceScale:1.0]]
[2021.11.12-14.48.29:366][  0]LogConfig: Setting CVar [[r.Shadow.CSM.TransitionScale:1.0]]
[2021.11.12-14.48.29:366][  0]LogConfig: Setting CVar [[r.Shadow.PreShadowResolutionFactor:1.0]]
[2021.11.12-14.48.29:366][  0]LogConfig: Setting CVar [[r.DistanceFieldShadowing:1]]
[2021.11.12-14.48.29:366][  0]LogConfig: Setting CVar [[r.DistanceFieldAO:1]]
[2021.11.12-14.48.29:366][  0]LogConfig: Setting CVar [[r.AOQuality:2]]
[2021.11.12-14.48.29:366][  0]LogConfig: Setting CVar [[r.VolumetricFog:1]]
[2021.11.12-14.48.29:366][  0]LogConfig: Setting CVar [[r.VolumetricFog.GridPixelSize:8]]
[2021.11.12-14.48.29:366][  0]LogConfig: Setting CVar [[r.VolumetricFog.GridSizeZ:128]]
[2021.11.12-14.48.29:366][  0]LogConfig: Setting CVar [[r.VolumetricFog.HistoryMissSupersampleCount:4]]
[2021.11.12-14.48.29:366][  0]LogConfig: Setting CVar [[r.LightMaxDrawDistanceScale:1]]
[2021.11.12-14.48.29:366][  0]LogConfig: Setting CVar [[r.CapsuleShadows:1]]
[2021.11.12-14.48.29:366][  0]LogConfig: Applying CVar settings from Section [PostProcessQuality@3] File [C:/Users/Paki/Documents/GitHub/Unreal_multiplayer/MultiplayerGame/Saved/Config/Windows/Scalability.ini]
[2021.11.12-14.48.29:366][  0]LogConfig: Setting CVar [[r.MotionBlurQuality:4]]
[2021.11.12-14.48.29:366][  0]LogConfig: Setting CVar [[r.AmbientOcclusionMipLevelFactor:0.4]]
[2021.11.12-14.48.29:366][  0]LogConfig: Setting CVar [[r.AmbientOcclusionMaxQuality:100]]
[2021.11.12-14.48.29:366][  0]LogConfig: Setting CVar [[r.AmbientOcclusionLevels:-1]]
[2021.11.12-14.48.29:366][  0]LogConfig: Setting CVar [[r.AmbientOcclusionRadiusScale:1.0]]
[2021.11.12-14.48.29:366][  0]LogConfig: Setting CVar [[r.DepthOfFieldQuality:2]]
[2021.11.12-14.48.29:366][  0]LogConfig: Setting CVar [[r.RenderTargetPoolMin:400]]
[2021.11.12-14.48.29:366][  0]LogConfig: Setting CVar [[r.LensFlareQuality:2]]
[2021.11.12-14.48.29:366][  0]LogConfig: Setting CVar [[r.SceneColorFringeQuality:1]]
[2021.11.12-14.48.29:366][  0]LogConfig: Setting CVar [[r.EyeAdaptationQuality:2]]
[2021.11.12-14.48.29:366][  0]LogConfig: Setting CVar [[r.BloomQuality:5]]
[2021.11.12-14.48.29:366][  0]LogConfig: Setting CVar [[r.FastBlurThreshold:100]]
[2021.11.12-14.48.29:366][  0]LogConfig: Setting CVar [[r.Upscale.Quality:3]]
[2021.11.12-14.48.29:366][  0]LogConfig: Setting CVar [[r.Tonemapper.GrainQuantization:1]]
[2021.11.12-14.48.29:366][  0]LogConfig: Setting CVar [[r.LightShaftQuality:1]]
[2021.11.12-14.48.29:366][  0]LogConfig: Setting CVar [[r.Filter.SizeScale:1]]
[2021.11.12-14.48.29:366][  0]LogConfig: Setting CVar [[r.Tonemapper.Quality:5]]
[2021.11.12-14.48.29:366][  0]LogConfig: Setting CVar [[r.DOF.Gather.AccumulatorQuality:1        ; higher gathering accumulator quality]]
[2021.11.12-14.48.29:366][  0]LogConfig: Setting CVar [[r.DOF.Gather.PostfilterMethod:1          ; Median3x3 postfilering method]]
[2021.11.12-14.48.29:366][  0]LogConfig: Setting CVar [[r.DOF.Gather.EnableBokehSettings:0       ; no bokeh simulation when gathering]]
[2021.11.12-14.48.29:366][  0]LogConfig: Setting CVar [[r.DOF.Gather.RingCount:4                 ; medium number of samples when gathering]]
[2021.11.12-14.48.29:366][  0]LogConfig: Setting CVar [[r.DOF.Scatter.ForegroundCompositing:1    ; additive foreground scattering]]
[2021.11.12-14.48.29:366][  0]LogConfig: Setting CVar [[r.DOF.Scatter.BackgroundCompositing:2    ; additive background scattering]]
[2021.11.12-14.48.29:366][  0]LogConfig: Setting CVar [[r.DOF.Scatter.EnableBokehSettings:1      ; bokeh simulation when scattering]]
[2021.11.12-14.48.29:366][  0]LogConfig: Setting CVar [[r.DOF.Scatter.MaxSpriteRatio:0.1         ; only a maximum of 10% of scattered bokeh]]
[2021.11.12-14.48.29:366][  0]LogConfig: Setting CVar [[r.DOF.Recombine.Quality:1                ; cheap slight out of focus]]
[2021.11.12-14.48.29:366][  0]LogConfig: Setting CVar [[r.DOF.Recombine.EnableBokehSettings:0    ; no bokeh simulation on slight out of focus]]
[2021.11.12-14.48.29:366][  0]LogConfig: Setting CVar [[r.DOF.TemporalAAQuality:1                ; more stable temporal accumulation]]
[2021.11.12-14.48.29:366][  0]LogConfig: Setting CVar [[r.DOF.Kernel.MaxForegroundRadius:0.025]]
[2021.11.12-14.48.29:366][  0]LogConfig: Setting CVar [[r.DOF.Kernel.MaxBackgroundRadius:0.025]]
[2021.11.12-14.48.29:366][  0]LogConfig: Applying CVar settings from Section [TextureQuality@3] File [C:/Users/Paki/Documents/GitHub/Unreal_multiplayer/MultiplayerGame/Saved/Config/Windows/Scalability.ini]
[2021.11.12-14.48.29:366][  0]LogConfig: Setting CVar [[r.Streaming.MipBias:0]]
[2021.11.12-14.48.29:366][  0]LogConfig: Setting CVar [[r.Streaming.AmortizeCPUToGPUCopy:0]]
[2021.11.12-14.48.29:366][  0]LogConfig: Setting CVar [[r.Streaming.MaxNumTexturesToStreamPerFrame:0]]
[2021.11.12-14.48.29:367][  0]LogConfig: Setting CVar [[r.Streaming.Boost:1]]
[2021.11.12-14.48.29:367][  0]LogConfig: Setting CVar [[r.MaxAnisotropy:8]]
[2021.11.12-14.48.29:367][  0]LogConfig: Setting CVar [[r.VT.MaxAnisotropy:8]]
[2021.11.12-14.48.29:367][  0]LogConfig: Setting CVar [[r.Streaming.LimitPoolSizeToVRAM:0]]
[2021.11.12-14.48.29:367][  0]LogConfig: Setting CVar [[r.Streaming.PoolSize:1000]]
[2021.11.12-14.48.29:367][  0]LogConfig: Setting CVar [[r.Streaming.MaxEffectiveScreenSize:0]]
[2021.11.12-14.48.29:367][  0]LogConfig: Applying CVar settings from Section [EffectsQuality@3] File [C:/Users/Paki/Documents/GitHub/Unreal_multiplayer/MultiplayerGame/Saved/Config/Windows/Scalability.ini]
[2021.11.12-14.48.29:367][  0]LogConfig: Setting CVar [[r.TranslucencyLightingVolumeDim:64]]
[2021.11.12-14.48.29:367][  0]LogConfig: Setting CVar [[r.RefractionQuality:2]]
[2021.11.12-14.48.29:367][  0]LogConfig: Setting CVar [[r.SSR.Quality:3]]
[2021.11.12-14.48.29:367][  0]LogConfig: Setting CVar [[r.SSR.HalfResSceneColor:0]]
[2021.11.12-14.48.29:367][  0]LogConfig: Setting CVar [[r.SceneColorFormat:4]]
[2021.11.12-14.48.29:367][  0]LogConfig: Setting CVar [[r.DetailMode:2]]
[2021.11.12-14.48.29:367][  0]LogConfig: Setting CVar [[r.TranslucencyVolumeBlur:1]]
[2021.11.12-14.48.29:367][  0]LogConfig: Setting CVar [[r.MaterialQualityLevel:1 ; High quality]]
[2021.11.12-14.48.29:367][  0]LogConfig: Setting CVar [[r.AnisotropicMaterials:1]]
[2021.11.12-14.48.29:367][  0]LogConfig: Setting CVar [[r.SSS.Scale:1]]
[2021.11.12-14.48.29:367][  0]LogConfig: Setting CVar [[r.SSS.SampleSet:2]]
[2021.11.12-14.48.29:367][  0]LogConfig: Setting CVar [[r.SSS.Quality:1]]
[2021.11.12-14.48.29:367][  0]LogConfig: Setting CVar [[r.SSS.HalfRes:0]]
[2021.11.12-14.48.29:367][  0]LogConfig: Setting CVar [[r.SSGI.Quality:3]]
[2021.11.12-14.48.29:367][  0]LogConfig: Setting CVar [[r.EmitterSpawnRateScale:1.0]]
[2021.11.12-14.48.29:367][  0]LogConfig: Setting CVar [[r.ParticleLightQuality:2]]
[2021.11.12-14.48.29:367][  0]LogConfig: Setting CVar [[r.SkyAtmosphere.AerialPerspectiveLUT.FastApplyOnOpaque:1 ; Always have FastSkyLUT 1 in this case to avoid wrong sky]]
[2021.11.12-14.48.29:367][  0]LogConfig: Setting CVar [[r.SkyAtmosphere.AerialPerspectiveLUT.SampleCountMaxPerSlice:4]]
[2021.11.12-14.48.29:367][  0]LogConfig: Setting CVar [[r.SkyAtmosphere.AerialPerspectiveLUT.DepthResolution:16.0]]
[2021.11.12-14.48.29:367][  0]LogConfig: Setting CVar [[r.SkyAtmosphere.FastSkyLUT:1]]
[2021.11.12-14.48.29:367][  0]LogConfig: Setting CVar [[r.SkyAtmosphere.FastSkyLUT.SampleCountMin:4.0]]
[2021.11.12-14.48.29:367][  0]LogConfig: Setting CVar [[r.SkyAtmosphere.FastSkyLUT.SampleCountMax:128.0]]
[2021.11.12-14.48.29:367][  0]LogConfig: Setting CVar [[r.SkyAtmosphere.SampleCountMin:4.0]]
[2021.11.12-14.48.29:367][  0]LogConfig: Setting CVar [[r.SkyAtmosphere.SampleCountMax:128.0]]
[2021.11.12-14.48.29:367][  0]LogConfig: Setting CVar [[r.SkyAtmosphere.TransmittanceLUT.UseSmallFormat:0]]
[2021.11.12-14.48.29:367][  0]LogConfig: Setting CVar [[r.SkyAtmosphere.TransmittanceLUT.SampleCount:10.0]]
[2021.11.12-14.48.29:367][  0]LogConfig: Setting CVar [[r.SkyAtmosphere.MultiScatteringLUT.SampleCount:15.0]]
[2021.11.12-14.48.29:367][  0]LogConfig: Setting CVar [[r.SkyLight.RealTimeReflectionCapture:1]]
[2021.11.12-14.48.29:367][  0]LogConfig: Applying CVar settings from Section [FoliageQuality@3] File [C:/Users/Paki/Documents/GitHub/Unreal_multiplayer/MultiplayerGame/Saved/Config/Windows/Scalability.ini]
[2021.11.12-14.48.29:367][  0]LogConfig: Setting CVar [[foliage.DensityScale:1.0]]
[2021.11.12-14.48.29:367][  0]LogConfig: Setting CVar [[grass.DensityScale:1.0]]
[2021.11.12-14.48.29:367][  0]LogConfig: Applying CVar settings from Section [ShadingQuality@3] File [C:/Users/Paki/Documents/GitHub/Unreal_multiplayer/MultiplayerGame/Saved/Config/Windows/Scalability.ini]
[2021.11.12-14.48.29:367][  0]LogConfig: Setting CVar [[r.HairStrands.SkyLighting.IntegrationType:2]]
[2021.11.12-14.48.29:367][  0]LogConfig: Setting CVar [[r.HairStrands.SkyAO.SampleCount:4]]
[2021.11.12-14.48.29:367][  0]LogConfig: Setting CVar [[r.HairStrands.Visibility.MSAA.SamplePerPixel:4]]
[2021.11.12-14.48.29:367][  0]LogConfig: Applying CVar settings from Section [Startup] File [../../../Engine/Config/ConsoleVariables.ini]
[2021.11.12-14.48.29:367][  0]LogConfig: Setting CVar [[net.UseAdaptiveNetUpdateFrequency:0]]
[2021.11.12-14.48.29:367][  0]LogConfig: Setting CVar [[p.chaos.AllowCreatePhysxBodies:1]]
[2021.11.12-14.48.29:367][  0]LogConfig: Setting CVar [[fx.SkipVectorVMBackendOptimizations:1]]
[2021.11.12-14.48.29:367][  0]LogConfig: Applying CVar settings from Section [ConsoleVariables] File [C:/Users/Paki/Documents/GitHub/Unreal_multiplayer/MultiplayerGame/Saved/Config/Windows/Engine.ini]
[2021.11.12-14.48.29:367][  0]LogConfig: Applying CVar settings from Section [ConsoleVariables] File [C:/Users/Paki/Documents/GitHub/Unreal_multiplayer/MultiplayerGame/Saved/Config/Windows/Editor.ini]
[2021.11.12-14.48.29:367][  0]LogInit: Computer: DESKTOP-M9PDD15
[2021.11.12-14.48.29:367][  0]LogInit: User: Paki
[2021.11.12-14.48.29:367][  0]LogInit: CPU Page size=4096, Cores=6
[2021.11.12-14.48.29:367][  0]LogInit: High frequency timer resolution =10.000000 MHz
[2021.11.12-14.48.29:367][  0]LogMemory: Memory total: Physical=15.9GB (16GB approx)
[2021.11.12-14.48.29:367][  0]LogMemory: Platform Memory Stats for Windows
[2021.11.12-14.48.29:367][  0]LogMemory: Process Physical Memory: 144.93 MB used, 144.93 MB peak
[2021.11.12-14.48.29:367][  0]LogMemory: Process Virtual Memory: 127.63 MB used, 127.63 MB peak
[2021.11.12-14.48.29:367][  0]LogMemory: Physical Memory: 5611.21 MB used,  10703.98 MB free, 16315.19 MB total
[2021.11.12-14.48.29:367][  0]LogMemory: Virtual Memory: 134206568.00 MB used,  11161.09 MB free, 134217728.00 MB total
[2021.11.12-14.48.29:371][  0]LogWindows: WindowsPlatformFeatures enabled
[2021.11.12-14.48.29:403][  0]LogInit: Physics initialised using underlying interface: PhysX
[2021.11.12-14.48.29:403][  0]LogInit: Using OS detected language (en-US).
[2021.11.12-14.48.29:403][  0]LogInit: Using OS detected locale (en-US).
[2021.11.12-14.48.29:410][  0]LogTextLocalizationManager: No specific localization for 'en-US' exists, so the 'en' localization will be used.
[2021.11.12-14.48.29:587][  0]LogWindowsTextInputMethodSystem: Display: IME system deactivated.
[2021.11.12-14.48.29:595][  0]LogSlate: New Slate User Created.  User Index 0, Is Virtual User: 0
[2021.11.12-14.48.29:595][  0]LogSlate: Slate User Registered.  User Index 0, Is Virtual User: 0
[2021.11.12-14.48.29:728][  0]LogD3D11RHI: Loaded GFSDK_Aftermath_Lib.x64.dll
[2021.11.12-14.48.29:730][  0]LogHMD: Failed to initialize OpenVR with code 110
[2021.11.12-14.48.29:730][  0]LogD3D11RHI: D3D11 min allowed feature level: 11_0
[2021.11.12-14.48.29:730][  0]LogD3D11RHI: D3D11 max allowed feature level: 11_0
[2021.11.12-14.48.29:730][  0]LogD3D11RHI: D3D11 adapters:
[2021.11.12-14.48.29:833][  0]LogD3D11RHI:    0. 'NVIDIA GeForce RTX 2070 SUPER' (Feature Level 11_0)
[2021.11.12-14.48.29:833][  0]LogD3D11RHI:       8011/0/8157 MB DedicatedVideo/DedicatedSystem/SharedSystem, Outputs:1, VendorId:0x10de
[2021.11.12-14.48.29:835][  0]LogD3D11RHI:    1. 'Microsoft Basic Render Driver' (Feature Level 11_0)
[2021.11.12-14.48.29:835][  0]LogD3D11RHI:       0/0/8157 MB DedicatedVideo/DedicatedSystem/SharedSystem, Outputs:0, VendorId:0x1414
[2021.11.12-14.48.29:835][  0]LogD3D11RHI: Chosen D3D11 Adapter:
[2021.11.12-14.48.29:835][  0]LogD3D11RHI:     Description : NVIDIA GeForce RTX 2070 SUPER
[2021.11.12-14.48.29:835][  0]LogD3D11RHI:     VendorId    : 10de
[2021.11.12-14.48.29:835][  0]LogD3D11RHI:     DeviceId    : 1e84
[2021.11.12-14.48.29:835][  0]LogD3D11RHI:     SubSysId    : 40011458
[2021.11.12-14.48.29:835][  0]LogD3D11RHI:     Revision    : 00a1
[2021.11.12-14.48.29:835][  0]LogD3D11RHI:     DedicatedVideoMemory : 8400142336 bytes
[2021.11.12-14.48.29:835][  0]LogD3D11RHI:     DedicatedSystemMemory : 0 bytes
[2021.11.12-14.48.29:835][  0]LogD3D11RHI:     SharedSystemMemory : 8553857024 bytes
[2021.11.12-14.48.29:835][  0]LogD3D11RHI:     AdapterLuid : 0 43469
[2021.11.12-14.48.29:840][  0]LogD3D11RHI: Creating new Direct3DDevice
[2021.11.12-14.48.29:840][  0]LogD3D11RHI:     GPU DeviceId: 0x1e84 (for the marketing name, search the web for "GPU Device Id")
[2021.11.12-14.48.29:840][  0]LogWindows: EnumDisplayDevices:
[2021.11.12-14.48.29:840][  0]LogWindows:    0. 'NVIDIA GeForce RTX 2070 SUPER' (P:1 D:1)
[2021.11.12-14.48.29:840][  0]LogWindows:    1. 'NVIDIA GeForce RTX 2070 SUPER' (P:0 D:0)
[2021.11.12-14.48.29:840][  0]LogWindows:    2. 'NVIDIA GeForce RTX 2070 SUPER' (P:0 D:0)
[2021.11.12-14.48.29:841][  0]LogWindows:    3. 'NVIDIA GeForce RTX 2070 SUPER' (P:0 D:0)
[2021.11.12-14.48.29:841][  0]LogWindows: DebugString: FoundDriverCount:4 
[2021.11.12-14.48.29:841][  0]LogD3D11RHI:     Adapter Name: NVIDIA GeForce RTX 2070 SUPER
[2021.11.12-14.48.29:841][  0]LogD3D11RHI:   Driver Version: 496.49 (internal:30.0.14.9649, unified:496.49)
[2021.11.12-14.48.29:841][  0]LogD3D11RHI:      Driver Date: 10-20-2021
[2021.11.12-14.48.29:841][  0]LogRHI: Texture pool is 5607 MB (70% of 8011 MB)
[2021.11.12-14.48.29:841][  0]LogD3D11RHI: Creating D3DDevice using adapter:
[2021.11.12-14.48.29:841][  0]LogD3D11RHI:     Description : NVIDIA GeForce RTX 2070 SUPER
[2021.11.12-14.48.29:841][  0]LogD3D11RHI:     VendorId    : 10de
[2021.11.12-14.48.29:841][  0]LogD3D11RHI:     DeviceId    : 1e84
[2021.11.12-14.48.29:841][  0]LogD3D11RHI:     SubSysId    : 40011458
[2021.11.12-14.48.29:841][  0]LogD3D11RHI:     Revision    : 00a1
[2021.11.12-14.48.29:841][  0]LogD3D11RHI:     DedicatedVideoMemory : 8400142336 bytes
[2021.11.12-14.48.29:841][  0]LogD3D11RHI:     DedicatedSystemMemory : 0 bytes
[2021.11.12-14.48.29:841][  0]LogD3D11RHI:     SharedSystemMemory : 8553857024 bytes
[2021.11.12-14.48.29:841][  0]LogD3D11RHI:     AdapterLuid : 0 43469
[2021.11.12-14.48.29:923][  0]LogD3D11RHI: RHI has support for 64 bit atomics
[2021.11.12-14.48.29:923][  0]LogD3D11RHI: Async texture creation enabled
[2021.11.12-14.48.29:923][  0]LogD3D11RHI: Array index from any shader is supported
[2021.11.12-14.48.29:942][  0]LogD3D11RHI: GPU Timing Frequency: 1000.000000 (Debug: 2 1)
[2021.11.12-14.48.29:964][  0]LogRHI: GeForceNow SDK initialized: 1
[2021.11.12-14.48.30:282][  0]LogTargetPlatformManager: Display: Loaded TargetPlatform 'AllDesktop'
[2021.11.12-14.48.30:304][  0]LogTargetPlatformManager: Display: Loaded TargetPlatform 'Android'
[2021.11.12-14.48.30:304][  0]LogTargetPlatformManager: Display: Loaded TargetPlatform 'Android_ASTC'
[2021.11.12-14.48.30:304][  0]LogTargetPlatformManager: Display: Loaded TargetPlatform 'Android_DXT'
[2021.11.12-14.48.30:304][  0]LogTargetPlatformManager: Display: Loaded TargetPlatform 'Android_ETC2'
[2021.11.12-14.48.30:304][  0]LogTargetPlatformManager: Display: Loaded TargetPlatform 'AndroidClient'
[2021.11.12-14.48.30:304][  0]LogTargetPlatformManager: Display: Loaded TargetPlatform 'Android_ASTCClient'
[2021.11.12-14.48.30:304][  0]LogTargetPlatformManager: Display: Loaded TargetPlatform 'Android_DXTClient'
[2021.11.12-14.48.30:304][  0]LogTargetPlatformManager: Display: Loaded TargetPlatform 'Android_ETC2Client'
[2021.11.12-14.48.30:304][  0]LogTargetPlatformManager: Display: Loaded TargetPlatform 'Android_Multi'
[2021.11.12-14.48.30:304][  0]LogTargetPlatformManager: Display: Loaded TargetPlatform 'Android_MultiClient'
[2021.11.12-14.48.30:321][  0]LogTargetPlatformManager: Display: Loaded TargetPlatform 'IOSClient'
[2021.11.12-14.48.30:321][  0]LogTargetPlatformManager: Display: Loaded TargetPlatform 'IOS'
[2021.11.12-14.48.30:331][  0]LogTargetPlatformManager: Display: Loaded TargetPlatform 'Linux'
[2021.11.12-14.48.30:335][  0]LogTargetPlatformManager: Display: Loaded TargetPlatform 'LinuxNoEditor'
[2021.11.12-14.48.30:339][  0]LogTargetPlatformManager: Display: Loaded TargetPlatform 'LinuxClient'
[2021.11.12-14.48.30:343][  0]LogTargetPlatformManager: Display: Loaded TargetPlatform 'LinuxServer'
[2021.11.12-14.48.30:353][  0]LogTargetPlatformManager: Display: Loaded TargetPlatform 'LinuxAArch64NoEditor'
[2021.11.12-14.48.30:357][  0]LogTargetPlatformManager: Display: Loaded TargetPlatform 'LinuxAArch64Client'
[2021.11.12-14.48.30:361][  0]LogTargetPlatformManager: Display: Loaded TargetPlatform 'LinuxAArch64Server'
[2021.11.12-14.48.30:386][  0]LogTargetPlatformManager: Display: Loaded TargetPlatform 'Lumin'
[2021.11.12-14.48.30:386][  0]LogTargetPlatformManager: Display: Loaded TargetPlatform 'LuminClient'
[2021.11.12-14.48.30:394][  0]LogTargetPlatformManager: Display: Loaded TargetPlatform 'MacNoEditor'
[2021.11.12-14.48.30:398][  0]LogTargetPlatformManager: Display: Loaded TargetPlatform 'Mac'
[2021.11.12-14.48.30:402][  0]LogTargetPlatformManager: Display: Loaded TargetPlatform 'MacClient'
[2021.11.12-14.48.30:406][  0]LogTargetPlatformManager: Display: Loaded TargetPlatform 'MacServer'
[2021.11.12-14.48.30:416][  0]LogTargetPlatformManager: Display: Loaded TargetPlatform 'TVOSClient'
[2021.11.12-14.48.30:416][  0]LogTargetPlatformManager: Display: Loaded TargetPlatform 'TVOS'
[2021.11.12-14.48.30:426][  0]LogTargetPlatformManager: Display: Loaded TargetPlatform 'WindowsNoEditor'
[2021.11.12-14.48.30:430][  0]LogTargetPlatformManager: Display: Loaded TargetPlatform 'Windows'
[2021.11.12-14.48.30:435][  0]LogTargetPlatformManager: Display: Loaded TargetPlatform 'WindowsClient'
[2021.11.12-14.48.30:439][  0]LogTargetPlatformManager: Display: Loaded TargetPlatform 'WindowsServer'
[2021.11.12-14.48.30:439][  0]LogTargetPlatformManager: Display: Building Assets For Windows
[2021.11.12-14.48.30:445][  0]LogAudioDebug: Display: Lib vorbis DLL was dynamically loaded.
[2021.11.12-14.48.30:476][  0]LogTextureFormatOodle: Display: Oodle Texture 2.9.0 init RDO Off
[2021.11.12-14.48.30:502][  0]LogRendererCore: Ray tracing is disabled. Reason: r.RayTracing=0.
[2021.11.12-14.48.30:502][  0]LogShaderCompilers: Guid format shader working directory is -35 characters bigger than the processId version (../../../../../../Users/Paki/Documents/GitHub/Unreal_multiplayer/MultiplayerGame/Intermediate/Shaders/WorkingDirectory/2688/).
[2021.11.12-14.48.30:502][  0]LogShaderCompilers: Cleaned the shader compiler working directory 'C:/Users/Paki/AppData/Local/Temp/UnrealShaderWorkingDir/D3A9353D41B00D206CC992A79ED457C9/'.
[2021.11.12-14.48.30:502][  0]LogXGEController: Cannot use XGE Controller as Incredibuild is not installed on this machine.
[2021.11.12-14.48.30:502][  0]LogShaderCompilers: Cannot use XGE Shader Compiler as Incredibuild is not installed on this machine.
[2021.11.12-14.48.30:502][  0]LogShaderCompilers: Display: Using Local Shader Compiler.
[2021.11.12-14.48.31:235][  0]LogDerivedDataCache: Display: Max Cache Size: 512 MB
[2021.11.12-14.48.31:281][  0]LogDerivedDataCache: Loaded boot cache 0.05s 94MB C:/Users/Paki/AppData/Local/UnrealEngine/4.27/DerivedDataCache/Boot.ddc.
[2021.11.12-14.48.31:281][  0]LogDerivedDataCache: Display: Loaded Boot cache: C:/Users/Paki/AppData/Local/UnrealEngine/4.27/DerivedDataCache/Boot.ddc
[2021.11.12-14.48.31:281][  0]LogDerivedDataCache: FDerivedDataBackendGraph:  Pak pak cache file ../../../../../../Users/Paki/Documents/GitHub/Unreal_multiplayer/MultiplayerGame/DerivedDataCache/DDC.ddp not found, will not use a pak cache.
[2021.11.12-14.48.31:281][  0]LogDerivedDataCache: Unable to find inner node Pak for hierarchical cache Hierarchy.
[2021.11.12-14.48.31:281][  0]LogDerivedDataCache: FDerivedDataBackendGraph:  CompressedPak pak cache file ../../../../../../Users/Paki/Documents/GitHub/Unreal_multiplayer/MultiplayerGame/DerivedDataCache/Compressed.ddp not found, will not use a pak cache.
[2021.11.12-14.48.31:281][  0]LogDerivedDataCache: Unable to find inner node CompressedPak for hierarchical cache Hierarchy.
[2021.11.12-14.48.31:297][  0]LogDerivedDataCache: Display: Pak cache opened for reading ../../../Engine/DerivedDataCache/Compressed.ddp.
[2021.11.12-14.48.31:297][  0]LogDerivedDataCache: FDerivedDataBackendGraph:  EnterprisePak pak cache file ../../../Enterprise/DerivedDataCache/Compressed.ddp not found, will not use a pak cache.
[2021.11.12-14.48.31:297][  0]LogDerivedDataCache: Unable to find inner node EnterprisePak for hierarchical cache Hierarchy.
[2021.11.12-14.48.31:305][  0]LogDerivedDataCache: Speed tests for C:/Users/Paki/AppData/Local/UnrealEngine/Common/DerivedDataCache took 0.01 seconds
[2021.11.12-14.48.31:305][  0]LogDerivedDataCache: Display: Performance to C:/Users/Paki/AppData/Local/UnrealEngine/Common/DerivedDataCache: Latency=0.02ms. RandomReadSpeed=392.69MBs, RandomWriteSpeed=170.15MBs. Assigned SpeedClass 'Local'
[2021.11.12-14.48.31:306][  0]LogDerivedDataCache: Using Local data cache path C:/Users/Paki/AppData/Local/UnrealEngine/Common/DerivedDataCache: Writable
[2021.11.12-14.48.31:306][  0]LogDerivedDataCache: Shared data cache path not found in *engine.ini, will not use an Shared cache.
[2021.11.12-14.48.31:306][  0]LogDerivedDataCache: Unable to find inner node Shared for hierarchical cache Hierarchy.
[2021.11.12-14.48.31:352][  0]LogSlate: Using FreeType 2.10.0
[2021.11.12-14.48.31:352][  0]LogSlate: SlateFontServices - WITH_FREETYPE: 1, WITH_HARFBUZZ: 1
[2021.11.12-14.48.31:371][  0]LogAssetRegistry: FAssetRegistry took 0.0025 seconds to start up
[2021.11.12-14.48.31:604][  0]LogInit: Selected Device Profile: [Windows]
[2021.11.12-14.48.31:604][  0]LogInit: Active device profile: [00000227B890D400][00000227A8C5E140 49] Windows
[2021.11.12-14.48.31:604][  0]LogInit: Profiles: [00000227B890D400][00000227A8C5E140 49] Windows, [00000227B890D500][00000227A8C7C2C0 49] WindowsNoEditor, [00000227B890D600][00000227B7D72440 49] WindowsServer, [00000227B87BE000][00000227B7D765C0 49] WindowsClient, [00000227B87FE200][00000227B7D7A740 49] IOS, [00000227B87BE400][00000227B7D7E8C0 49] iPadAir, [00000227B87FDF00][00000227A8C62A00 49] iPadAir2, [00000227B8528C00][00000227B7DDAC40 49] IPadPro, [00000227B8528D00][00000227B7DD6C80 49] iPadAir3, [00000227B87FE000][00000227B7DDEDC0 49] iPadAir4, [00000227B8528500][00000227B7DEAF40 49] iPadMini2, [00000227B87FF500][00000227B7DEF0C0 49] iPadMini3, [00000227B8529600][00000227B7DF3240 49] iPadMini4, [00000227B87FED00][00000227B7DF73C0 49] iPadMini5, [00000227B87BD800][00000227B7DFF680 49] iPhone6, [00000227B87BD900][00000227B7DFB6C0 49] iPodTouch6, [00000227B8529300][00000227B7E07980 49] iPhone7, [00000227B84A7F00][00000227B7E039C0 49] iPodTouch7, [00000227B87BFA00][00000227B7E0BB40 49] iPhone5S, [00000227B84A4600][00000227B7E0E140 49] iPhone6Plus, [00000227B87BFE00][00000227B7E122C0 49] iPhone6S, [00000227B84A7500][00000227B7E16440 49] iPhone6SPlus, [00000227B87BC800][00000227B7E1A5C0 49] iPhone7Plus, [00000227B84A4E00][00000227B7E1E740 49] iPhoneSE, [00000227B87BE200][00000227B7E228C0 49] iPhone8, [00000227B84A6D00][00000227B7E26A40 49] iPhone8Plus, [00000227B87BF000][00000227B7DE6B80 49] iPhoneX, [00000227B84A5500][00000227B7E2ACC0 49] iPhoneXS, [00000227B87BD000][00000227B8F1AE00 49] iPhoneXSMax, [00000227B84A6600][00000227B8F1EF40 49] iPhoneXR, [00000227B87BEA00][00000227B8F270C0 49] iPhone11, [00000227B84A5C00][00000227B8F2B240 49] iPhone11Pro, [00000227B87BFD00][00000227B8F2F3C0 49] iPhone11ProMax, [00000227B84A7900][00000227B8F33540 49] iPhoneSE2, [00000227B87BC300][00000227B8F376C0 49] iPhone12Mini, [00000227B84A4C00][00000227B8F3B840 49] iPhone12, [00000227B87BC900][00000227B8F3F9C0 49] iPhone12Pro, [00000227B84A6F00][00000227B8F43B40 49] iPhone12ProMax, [00000227B87BCA00][00000227B8F46140 49] iPadPro105, [00000227B84A5300][00000227B8F4A2C0 49] iPadPro129, [00000227B87BEF00][00000227B8F4E440 49] iPadPro97, [00000227B84A5700][00000227B8F525C0 49] iPadPro2_129, [00000227B87BF500][00000227B8F56740 49] iPad5, [00000227B84A6500][00000227B8F5A8C0 49] iPad6, [00000227B87BF800][00000227B8F5EA40 49] iPad7, [00000227B84A4B00][00000227B8F62BC0 49] iPad8, [00000227B87BEE00][00000227B8F66D40 49] iPadPro11, [00000227B84A4700][00000227B8F22E80 49] iPadPro2_11, [00000227B87BF700][00000227B8F6AFC0 49] iPadPro3_129, [00000227B84A5600][00000227B8F6F100 49] iPadPro4_129, [00000227B87BE800][00000227B8F77280 49] AppleTV, [00000227B84A6700][00000227B8F7B400 49] AppleTV4K, [00000227B87BF900][00000227B8F7F580 49] TVOS, [00000227B84A6E00][00000227B8F83700 49] Mac, [00000227B87BE300][00000227B8F87880 49] MacClient, [00000227B84A4500][00000227B8F8BA00 49] MacNoEditor, [00000227B87BCF00][00000227B8F8FB80 49] MacServer, [00000227B84A7000][00000227B8F92180 49] Linux, [00000227B87BC100][00000227B8F96300 49] LinuxAArch64, [00000227B84A5E00][00000227B8F9A480 49] LinuxNoEditor, [00000227B87BCB00][00000227B8F9E600 49] LinuxAArch64NoEditor, [00000227B84A5000][00000227B8FA2780 49] LinuxClient, [00000227B87BFB00][00000227B8FA6900 49] LinuxAArch64Client, [00000227B84A6A00][00000227B8FAAA80 49] LinuxServer, [00000227B87BC500][00000227B8FAEC00 49] LinuxAArch64Server, [00000227B84A7400][00000227B8FB2D80 49] Android, [00000227B87BD400][00000227B8FB6F00 49] Android_Low, [00000227B84A7800][00000227B8F73040 49] Android_Mid, [00000227B87BFC00][00000227B8FBB180 49] Android_High, [00000227B84A7700][00000227B8FBF2C0 49] Android_Default, [00000227B87BD500][00000227B8FC7440 49] Android_Adreno4xx, [00000227B84A5A00][00000227B8FCB5C0 49] Android_Adreno5xx_Low, [00000227B890E800][00000227B8FCF740 49] Android_Adreno5xx, [00000227B852B600][00000227B8FD38C0 49] Android_Adreno6xx, [00000227B890E700][00000227B8FD7A40 49] Android_Adreno6xx_Vulkan, [00000227B8528F00][00000227B8FDBBC0 49] Android_Mali_T6xx, [00000227B890E300][00000227B8FDE1C0 49] Android_Mali_T7xx, [00000227B852B100][00000227B8FE2340 49] Android_Mali_T8xx, [00000227B890EB00][00000227B8FE64C0 49] Android_Mali_G71, [00000227B852A300][00000227B8FEA640 49] Android_Mali_G72, [00000227B890F000][00000227B8FEE7C0 49] Android_Mali_G72_Vulkan, [00000227B852BE00][00000227B8FF2940 49] Android_Mali_G76, [00000227B890C500][00000227B8FF6AC0 49] Android_Mali_G76_Vulkan, [00000227B8529900][00000227B8FFAC40 49] Android_Mali_G77, [00000227B890C100][00000227B8FFEDC0 49] Android_Mali_G77_Vulkan, [00000227B852AA00][00000227B9002F40 49] Android_Mali_G78, [00000227B890DC00][00000227B90070C0 49] Android_Mali_G78_Vulkan, [00000227B8529A00][00000227B8FC3200 49] Android_Mali_G710, [00000227B890CF00][00000227B900B340 49] Android_Mali_G710_Vulkan, [00000227B8528E00][00000227B900F480 49] Android_Vulkan_SM5, [00000227B890CD00][00000227B90135C0 49] Android_PowerVR_G6xxx, [00000227B852A000][00000227B901B740 49] Android_PowerVR_GT7xxx, [00000227B890CA00][00000227B901F8C0 49] Android_PowerVR_GE8xxx, [00000227B852B000][00000227B9023A40 49] Android_PowerVR_GM9xxx, [00000227B890E200][00000227B9027BC0 49] Android_PowerVR_GM9xxx_Vulkan, [00000227B8528B00][00000227B902A1C0 49] Android_TegraK1, [00000227B890E900][00000227B902E340 49] Android_Unknown_Vulkan, [00000227B8529C00][00000227B90324C0 49] Lumin, [00000227B890E500][00000227B9036640 49] Lumin_Desktop, [00000227B8529B00][00000227B903A7C0 49] HoloLens, 
[2021.11.12-14.48.31:712][  0]LogMeshReduction: Using QuadricMeshReduction for automatic static mesh reduction
[2021.11.12-14.48.31:712][  0]LogMeshReduction: Using SimplygonMeshReduction for automatic skeletal mesh reduction
[2021.11.12-14.48.31:712][  0]LogMeshReduction: Using ProxyLODMeshReduction for automatic mesh merging
[2021.11.12-14.48.31:712][  0]LogMeshReduction: No distributed automatic mesh merging module available
[2021.11.12-14.48.31:712][  0]LogMeshMerging: No distributed automatic mesh merging module available
[2021.11.12-14.48.31:724][  0]LogNetVersion: MultiplayerGame 1.0.0, NetCL: 17155196, EngineNetVer: 17, GameNetVer: 0 (Checksum: 2357651925)
[2021.11.12-14.48.32:050][  0]LogTexture: Default maximum texture size for cubemaps generated from long-lat sources has been changed from 512 to unlimited. In order to preserve old behaiour for '/Engine/MapTemplates/Sky/DaylightAmbientCubemap.DaylightAmbientCubemap', its maximum texture size has been explicitly set to 512.
[2021.11.12-14.48.32:093][  0]LogHMD: PokeAHoleMaterial loaded successfully
[2021.11.12-14.48.32:098][  0]LogUObjectArray: 17178 objects as part of root set at end of initial load.
[2021.11.12-14.48.32:098][  0]LogUObjectAllocator: 4301856 out of 0 bytes used by permanent object pool.
[2021.11.12-14.48.32:098][  0]LogUObjectArray: CloseDisregardForGC: 0/0 objects in disregard for GC pool
[2021.11.12-14.48.32:318][  0]LogNiagaraDebuggerClient: Niagara Debugger Client Initialized | Session: D9DFB33946ADD9E69AA9578EE9FBDA03 | Instance: EC693F534C6F69970078C687ABC181DF (DESKTOP-M9PDD15-2688).
[2021.11.12-14.48.32:420][  0]LogImageWrapper: Warning: PNG Warning: Duplicate iCCP chunk
[2021.11.12-14.48.32:420][  0]LogImageWrapper: Warning: PNG Warning: Duplicate iCCP chunk
[2021.11.12-14.48.32:420][  0]LogPython: Using Python 3.7.7
[2021.11.12-14.48.32:928][  0]LogUdpMessaging: Initializing bridge on interface 0.0.0.0:0 to multicast group 230.0.0.1:6666.
[2021.11.12-14.48.32:933][  0]LogTcpMessaging: Initializing TcpMessaging bridge
[2021.11.12-14.48.33:113][  0]SourceControl: Source control is disabled
[2021.11.12-14.48.33:113][  0]SourceControl: Source control is disabled
[2021.11.12-14.48.33:116][  0]SourceControl: Source control is disabled
[2021.11.12-14.48.33:118][  0]SourceControl: Source control is disabled
[2021.11.12-14.48.33:129][  0]LogUProjectInfo: Found projects:
[2021.11.12-14.48.33:131][  0]SourceControl: Source control is disabled
[2021.11.12-14.48.33:251][  0]LogOpenImageDenoise: OIDN starting up
[2021.11.12-14.48.33:275][  0]LogAndroidPermission: UAndroidPermissionCallbackProxy::GetInstance
[2021.11.12-14.48.33:290][  0]LogAudioCaptureCore: Display: No Audio Capture implementations found. Audio input will be silent.
[2021.11.12-14.48.33:290][  0]LogAudioCaptureCore: Display: No Audio Capture implementations found. Audio input will be silent.
[2021.11.12-14.48.33:401][  0]LogCollectionManager: Loaded 0 collections in 0.001837 seconds
[2021.11.12-14.48.33:421][  0]LogFileCache: Scanning file cache for directory 'C:/Users/Paki/Documents/GitHub/Unreal_multiplayer/MultiplayerGame/Saved/Collections/' took 0.00s
[2021.11.12-14.48.33:421][  0]LogFileCache: Scanning file cache for directory 'C:/Users/Paki/Documents/GitHub/Unreal_multiplayer/MultiplayerGame/Content/Developers/Paki/Collections/' took 0.00s
[2021.11.12-14.48.33:421][  0]LogFileCache: Scanning file cache for directory 'C:/Users/Paki/Documents/GitHub/Unreal_multiplayer/MultiplayerGame/Content/Collections/' took 0.00s
[2021.11.12-14.48.33:421][  0]LogOcInput: OculusInput pre-init called
[2021.11.12-14.48.33:612][  0]LogImageWrapper: Warning: PNG Warning: Duplicate iCCP chunk
[2021.11.12-14.48.33:612][  0]LogImageWrapper: Warning: PNG Warning: Duplicate iCCP chunk
[2021.11.12-14.48.33:612][  0]LogEngine: Initializing Engine...
[2021.11.12-14.48.33:655][  0]LogHMD: Failed to enumerate extensions. Please check that you have a valid OpenXR runtime installed.
[2021.11.12-14.48.33:655][  0]LogHMD: Failed to initialize OpenVR with code 110
[2021.11.12-14.48.33:655][  0]LogMagicLeap: Warning: VR disabled because ZI is not enabled.  To enable, in the editor, Edit -> Project Settings -> Plugins -> Magic Leap Plugin -> Enable Zero Iteration
[2021.11.12-14.48.33:656][  0]LogStats: UGameplayTagsManager::InitializeManager -  0.000 s
[2021.11.12-14.48.33:754][  0]LogInit: Initializing FReadOnlyCVARCache
[2021.11.12-14.48.33:761][  0]LogAIModule: Creating AISystem for world Untitled
[2021.11.12-14.48.33:767][  0]LogAudio: Display: Initializing Audio Device Manager...
[2021.11.12-14.48.33:770][  0]LogAudio: Display: Loading Default Audio Settings Objects...
[2021.11.12-14.48.33:770][  0]LogAudio: Display: No default SoundConcurrencyObject specified (or failed to load).
[2021.11.12-14.48.33:770][  0]LogAudio: Display: Audio Device Manager Initialized
[2021.11.12-14.48.33:770][  0]LogAudio: Display: Creating Audio Device:                 Id: 1, Scope: Shared, Realtime: True
[2021.11.12-14.48.33:771][  0]LogAudioMixer: Display: Audio Mixer Platform Settings:
[2021.11.12-14.48.33:771][  0]LogAudioMixer: Display: 	Sample Rate:						  48000
[2021.11.12-14.48.33:771][  0]LogAudioMixer: Display: 	Callback Buffer Frame Size Requested: 1024
[2021.11.12-14.48.33:771][  0]LogAudioMixer: Display: 	Callback Buffer Frame Size To Use:	  1024
[2021.11.12-14.48.33:771][  0]LogAudioMixer: Display: 	Number of buffers to queue:			  2
[2021.11.12-14.48.33:771][  0]LogAudioMixer: Display: 	Max Channels (voices):				  32
[2021.11.12-14.48.33:771][  0]LogAudioMixer: Display: 	Number of Async Source Workers:		  0
[2021.11.12-14.48.33:771][  0]LogAudio: Display: AudioDevice MaxSources: 32
[2021.11.12-14.48.33:771][  0]LogAudio: Display: Audio Spatialization Plugin: None (built-in).
[2021.11.12-14.48.33:771][  0]LogAudio: Display: Audio Reverb Plugin: None (built-in).
[2021.11.12-14.48.33:771][  0]LogAudio: Display: Audio Occlusion Plugin: None (built-in).
[2021.11.12-14.48.33:771][  0]LogAudioMixer: Display: Initializing audio mixer.
[2021.11.12-14.48.33:780][  0]LogAudioMixer: Display: 0: FrontLeft
[2021.11.12-14.48.33:780][  0]LogAudioMixer: Display: 1: FrontRight
[2021.11.12-14.48.33:803][  0]LogAudioMixer: Display: Using Audio Device Speakers (HyperX Cloud Alpha S Game)
[2021.11.12-14.48.33:805][  0]LogAudioMixer: Display: Initializing Sound Submixes...
[2021.11.12-14.48.33:806][  0]LogAudioMixer: Display: Creating Master Submix 'MasterSubmixDefault'
[2021.11.12-14.48.33:806][  0]LogAudioMixer: Display: Creating Master Submix 'MasterReverbSubmixDefault'
[2021.11.12-14.48.33:807][  0]LogAudioMixer: Display: Creating Master Submix 'MasterEQSubmixDefault'
[2021.11.12-14.48.33:807][  0]LogAudioMixer: FMixerPlatformXAudio2::StartAudioStream() called
[2021.11.12-14.48.33:807][  0]LogAudioMixer: Display: Output buffers initialized: Frames=1024, Channels=2, Samples=2048
[2021.11.12-14.48.33:808][  0]LogAudioMixer: Display: Starting AudioMixerPlatformInterface::RunInternal()
[2021.11.12-14.48.33:808][  0]LogAudioMixer: Display: FMixerPlatformXAudio2::SubmitBuffer() called for the first time
[2021.11.12-14.48.33:808][  0]LogInit: FAudioDevice initialized.
[2021.11.12-14.48.33:808][  0]LogAudio: Display: Audio Device (ID: 1) registered with world 'Untitled'.
[2021.11.12-14.48.33:808][  0]LogNetVersion: Set ProjectVersion to 1.0.0.0. Version Checksum will be recalculated on next use.
[2021.11.12-14.48.33:997][  0]LogDerivedDataCache: Saved boot cache 0.19s 94MB C:/Users/Paki/AppData/Local/UnrealEngine/4.27/DerivedDataCache/Boot.ddc.
[2021.11.12-14.48.33:998][  0]LogInit: Texture streaming: Enabled
[2021.11.12-14.48.34:008][  0]LogAnalytics: Display: [UEEditor.Rocket.Release] APIServer = https://datarouter.ol.epicgames.com/. AppVersion = 4.27.1-17735300+++UE4+Release-4.27
[2021.11.12-14.48.34:010][  0]LogEngineSessionManager: EngineSessionManager initialized
[2021.11.12-14.48.34:010][  0]LogEditorSessionSummary: Verbose: Initializing EditorSessionSummaryWriter for editor session tracking
[2021.11.12-14.48.34:012][  0]LogEditorSessionSummary: EditorSessionSummaryWriter initialized
[2021.11.12-14.48.34:034][  0]LogInit: Transaction tracking system initialized
[2021.11.12-14.48.34:050][  0]BlueprintLog: New page: Editor Load
[2021.11.12-14.48.34:096][  0]LocalizationService: Localization service is disabled
[2021.11.12-14.48.34:114][  0]TimingProfiler: Initialize
[2021.11.12-14.48.34:114][  0]TimingProfiler: OnSessionChanged
[2021.11.12-14.48.34:114][  0]LoadingProfiler: Initialize
[2021.11.12-14.48.34:114][  0]LoadingProfiler: OnSessionChanged
[2021.11.12-14.48.34:114][  0]NetworkingProfiler: Initialize
[2021.11.12-14.48.34:114][  0]NetworkingProfiler: OnSessionChanged
[2021.11.12-14.48.34:114][  0]MemoryProfiler: Initialize
[2021.11.12-14.48.34:114][  0]MemoryProfiler: OnSessionChanged
[2021.11.12-14.48.34:234][  0]LogCook: Display: CookSettings for Memory: MemoryMaxUsedVirtual 0MiB, MemoryMaxUsedPhysical 16384MiB, MemoryMinFreeVirtual 0MiB, MemoryMinFreePhysical 1024MiB
[2021.11.12-14.48.34:234][  0]LogCook: Display: Mobile HDR setting 1
[2021.11.12-14.48.34:250][  0]LogFileCache: Scanning file cache for directory 'C:/Users/Paki/Documents/GitHub/Unreal_multiplayer/MultiplayerGame/Content/' took 0.00s
[2021.11.12-14.48.34:477][  0]LogImageWrapper: Warning: PNG Warning: Duplicate iCCP chunk
[2021.11.12-14.48.34:478][  0]LogImageWrapper: Warning: PNG Warning: Duplicate iCCP chunk
[2021.11.12-14.48.34:524][  0]LogInit: Display: Engine is initialized. Leaving FEngineLoop::Init()
[2021.11.12-14.48.34:527][  0]SourceControl: Source control is disabled
[2021.11.12-14.48.34:527][  0]LogUnrealEdMisc: Loading editor; pre map load, took 6.413
[2021.11.12-14.48.34:527][  0]Cmd: MAP LOAD FILE="../../../../../../Users/Paki/Documents/GitHub/Unreal_multiplayer/MultiplayerGame/Content/ThirdPersonBP/Maps/ThirdPersonExampleMap.umap" TEMPLATE=0 SHOWPROGRESS=1 FEATURELEVEL=3
[2021.11.12-14.48.34:549][  0]LightingResults: New page: Lighting Build
[2021.11.12-14.48.34:550][  0]LogWorld: UWorld::CleanupWorld for Untitled, bSessionEnded=true, bCleanupResources=true
[2021.11.12-14.48.34:551][  0]LogSlate: InvalidateAllWidgets triggered.  All widgets were invalidated
[2021.11.12-14.48.34:551][  0]MapCheck: New page: Map Check
[2021.11.12-14.48.34:551][  0]LightingResults: New page: Lighting Build
[2021.11.12-14.48.34:554][  0]LogAudio: Display: Audio Device unregistered from world 'None'.
[2021.11.12-14.48.34:556][  0]LogUObjectHash: Compacting FUObjectHashTables data took   0.80ms
[2021.11.12-14.48.36:641][  0]LogAudio: Display: Audio Device (ID: 1) registered with world 'ThirdPersonExampleMap'.
[2021.11.12-14.48.36:642][  0]LogAIModule: Creating AISystem for world ThirdPersonExampleMap
[2021.11.12-14.48.36:647][  0]LogEditorServer: Finished looking for orphan Actors (0.000 secs)
[2021.11.12-14.48.36:653][  0]LogUObjectHash: Compacting FUObjectHashTables data took   0.86ms
[2021.11.12-14.48.36:653][  0]Cmd: MAP CHECKDEP NOCLEARLOG
[2021.11.12-14.48.36:653][  0]MapCheck: Map check complete: 0 Error(s), 0 Warning(s), took 0.156ms to complete.
[2021.11.12-14.48.36:653][  0]LogFileHelpers: Loading map 'ThirdPersonExampleMap' took 2.125
[2021.11.12-14.48.36:655][  0]LogUnrealEdMisc: Total Editor Startup Time, took 8.540
[2021.11.12-14.48.36:812][  0]LogSlate: Updating window title bar state: overlay mode, drag disabled, window buttons hidden, title bar hidden
[2021.11.12-14.48.36:818][  0]LogSlate: Updating window title bar state: overlay mode, drag disabled, window buttons hidden, title bar hidden
[2021.11.12-14.48.36:823][  0]LogSlate: Updating window title bar state: overlay mode, drag disabled, window buttons hidden, title bar hidden
[2021.11.12-14.48.36:829][  0]LogSlate: Updating window title bar state: overlay mode, drag disabled, window buttons hidden, title bar hidden
[2021.11.12-14.48.36:846][  0]LogNativeClassHierarchy: Verbose: Native class hierarchy populated in 0.0098 seconds. Added 3822 classes and 928 folders.
[2021.11.12-14.48.36:848][  0]LogNativeClassHierarchy: Verbose: Native class hierarchy updated for 'WidgetCarousel' in 0.0002 seconds. Added 0 classes and 0 folders.
[2021.11.12-14.48.36:873][  0]LogPakFile: PakFile PrimaryIndexSize=187
[2021.11.12-14.48.36:873][  0]LogPakFile: PakFile PathHashIndexSize=101
[2021.11.12-14.48.36:873][  0]LogPakFile: PakFile FullDirectoryIndexSize=148
[2021.11.12-14.48.36:873][  0]LogShaderLibrary: Display: ShaderCodeLibraryPakFileMountedCallback: PakFile 'C:/Program Files/Epic Games/UE_4.27/FeaturePacks/FP_FirstPerson.upack' (chunk index -1, root 'root:/') mounted
[2021.11.12-14.48.36:873][  0]LogShaderLibrary: Display: ShaderCodeLibraryPakFileMountedCallback: pending pak file info (ChunkID:-1 Root:root:/ File:C:/Program Files/Epic Games/UE_4.27/FeaturePacks/FP_FirstPerson.upack)
[2021.11.12-14.48.36:873][  0]LogPakFile: OnPakFileMounted2Time == 0.000053
[2021.11.12-14.48.36:887][  0]LogPakFile: PakFile PrimaryIndexSize=189
[2021.11.12-14.48.36:887][  0]LogPakFile: PakFile PathHashIndexSize=101
[2021.11.12-14.48.36:887][  0]LogPakFile: PakFile FullDirectoryIndexSize=152
[2021.11.12-14.48.36:887][  0]LogShaderLibrary: Display: ShaderCodeLibraryPakFileMountedCallback: PakFile 'C:/Program Files/Epic Games/UE_4.27/FeaturePacks/FP_FirstPersonBP.upack' (chunk index -1, root 'root:/') mounted
[2021.11.12-14.48.36:887][  0]LogShaderLibrary: Display: ShaderCodeLibraryPakFileMountedCallback: pending pak file info (ChunkID:-1 Root:root:/ File:C:/Program Files/Epic Games/UE_4.27/FeaturePacks/FP_FirstPersonBP.upack)
[2021.11.12-14.48.36:887][  0]LogPakFile: OnPakFileMounted2Time == 0.000040
[2021.11.12-14.48.36:904][  0]LogPakFile: PakFile PrimaryIndexSize=191
[2021.11.12-14.48.36:904][  0]LogPakFile: PakFile PathHashIndexSize=101
[2021.11.12-14.48.36:904][  0]LogPakFile: PakFile FullDirectoryIndexSize=160
[2021.11.12-14.48.36:904][  0]LogShaderLibrary: Display: ShaderCodeLibraryPakFileMountedCallback: PakFile 'C:/Program Files/Epic Games/UE_4.27/FeaturePacks/MobileStarterContent.upack' (chunk index -1, root 'root:/') mounted
[2021.11.12-14.48.36:904][  0]LogShaderLibrary: Display: ShaderCodeLibraryPakFileMountedCallback: pending pak file info (ChunkID:-1 Root:root:/ File:C:/Program Files/Epic Games/UE_4.27/FeaturePacks/MobileStarterContent.upack)
[2021.11.12-14.48.36:904][  0]LogPakFile: OnPakFileMounted2Time == 0.000038
[2021.11.12-14.48.36:910][  0]LogPakFile: PakFile PrimaryIndexSize=185
[2021.11.12-14.48.36:910][  0]LogPakFile: PakFile PathHashIndexSize=101
[2021.11.12-14.48.36:910][  0]LogPakFile: PakFile FullDirectoryIndexSize=148
[2021.11.12-14.48.36:910][  0]LogShaderLibrary: Display: ShaderCodeLibraryPakFileMountedCallback: PakFile 'C:/Program Files/Epic Games/UE_4.27/FeaturePacks/StarterContent.upack' (chunk index -1, root 'root:/') mounted
[2021.11.12-14.48.36:910][  0]LogShaderLibrary: Display: ShaderCodeLibraryPakFileMountedCallback: pending pak file info (ChunkID:-1 Root:root:/ File:C:/Program Files/Epic Games/UE_4.27/FeaturePacks/StarterContent.upack)
[2021.11.12-14.48.36:910][  0]LogPakFile: OnPakFileMounted2Time == 0.000040
[2021.11.12-14.48.36:923][  0]LogPakFile: PakFile PrimaryIndexSize=190
[2021.11.12-14.48.36:923][  0]LogPakFile: PakFile PathHashIndexSize=101
[2021.11.12-14.48.36:923][  0]LogPakFile: PakFile FullDirectoryIndexSize=154
[2021.11.12-14.48.36:923][  0]LogShaderLibrary: Display: ShaderCodeLibraryPakFileMountedCallback: PakFile 'C:/Program Files/Epic Games/UE_4.27/FeaturePacks/TP_2DSideScroller.upack' (chunk index -1, root 'root:/') mounted
[2021.11.12-14.48.36:923][  0]LogShaderLibrary: Display: ShaderCodeLibraryPakFileMountedCallback: pending pak file info (ChunkID:-1 Root:root:/ File:C:/Program Files/Epic Games/UE_4.27/FeaturePacks/TP_2DSideScroller.upack)
[2021.11.12-14.48.36:923][  0]LogPakFile: OnPakFileMounted2Time == 0.000039
[2021.11.12-14.48.36:935][  0]LogPakFile: PakFile PrimaryIndexSize=192
[2021.11.12-14.48.36:935][  0]LogPakFile: PakFile PathHashIndexSize=101
[2021.11.12-14.48.36:935][  0]LogPakFile: PakFile FullDirectoryIndexSize=158
[2021.11.12-14.48.36:935][  0]LogShaderLibrary: Display: ShaderCodeLibraryPakFileMountedCallback: PakFile 'C:/Program Files/Epic Games/UE_4.27/FeaturePacks/TP_2DSideScrollerBP.upack' (chunk index -1, root 'root:/') mounted
[2021.11.12-14.48.36:935][  0]LogShaderLibrary: Display: ShaderCodeLibraryPakFileMountedCallback: pending pak file info (ChunkID:-1 Root:root:/ File:C:/Program Files/Epic Games/UE_4.27/FeaturePacks/TP_2DSideScrollerBP.upack)
[2021.11.12-14.48.36:935][  0]LogPakFile: OnPakFileMounted2Time == 0.000041
[2021.11.12-14.48.36:947][  0]LogPakFile: PakFile PrimaryIndexSize=182
[2021.11.12-14.48.36:947][  0]LogPakFile: PakFile PathHashIndexSize=101
[2021.11.12-14.48.36:947][  0]LogPakFile: PakFile FullDirectoryIndexSize=138
[2021.11.12-14.48.36:947][  0]LogShaderLibrary: Display: ShaderCodeLibraryPakFileMountedCallback: PakFile 'C:/Program Files/Epic Games/UE_4.27/FeaturePacks/TP_Flying.upack' (chunk index -1, root 'root:/') mounted
[2021.11.12-14.48.36:947][  0]LogShaderLibrary: Display: ShaderCodeLibraryPakFileMountedCallback: pending pak file info (ChunkID:-1 Root:root:/ File:C:/Program Files/Epic Games/UE_4.27/FeaturePacks/TP_Flying.upack)
[2021.11.12-14.48.36:948][  0]LogPakFile: OnPakFileMounted2Time == 0.000040
[2021.11.12-14.48.36:987][  0]LogPakFile: PakFile PrimaryIndexSize=184
[2021.11.12-14.48.36:987][  0]LogPakFile: PakFile PathHashIndexSize=101
[2021.11.12-14.48.36:987][  0]LogPakFile: PakFile FullDirectoryIndexSize=142
[2021.11.12-14.48.36:987][  0]LogShaderLibrary: Display: ShaderCodeLibraryPakFileMountedCallback: PakFile 'C:/Program Files/Epic Games/UE_4.27/FeaturePacks/TP_FlyingBP.upack' (chunk index -1, root 'root:/') mounted
[2021.11.12-14.48.36:987][  0]LogShaderLibrary: Display: ShaderCodeLibraryPakFileMountedCallback: pending pak file info (ChunkID:-1 Root:root:/ File:C:/Program Files/Epic Games/UE_4.27/FeaturePacks/TP_FlyingBP.upack)
[2021.11.12-14.48.36:987][  0]LogPakFile: OnPakFileMounted2Time == 0.000039
[2021.11.12-14.48.37:006][  0]LogPakFile: PakFile PrimaryIndexSize=188
[2021.11.12-14.48.37:006][  0]LogPakFile: PakFile PathHashIndexSize=101
[2021.11.12-14.48.37:006][  0]LogPakFile: PakFile FullDirectoryIndexSize=150
[2021.11.12-14.48.37:006][  0]LogShaderLibrary: Display: ShaderCodeLibraryPakFileMountedCallback: PakFile 'C:/Program Files/Epic Games/UE_4.27/FeaturePacks/TP_HandheldARBP.upack' (chunk index -1, root 'root:/') mounted
[2021.11.12-14.48.37:006][  0]LogShaderLibrary: Display: ShaderCodeLibraryPakFileMountedCallback: pending pak file info (ChunkID:-1 Root:root:/ File:C:/Program Files/Epic Games/UE_4.27/FeaturePacks/TP_HandheldARBP.upack)
[2021.11.12-14.48.37:006][  0]LogPakFile: OnPakFileMounted2Time == 0.000039
[2021.11.12-14.48.37:022][  0]LogPakFile: PakFile PrimaryIndexSize=182
[2021.11.12-14.48.37:022][  0]LogPakFile: PakFile PathHashIndexSize=101
[2021.11.12-14.48.37:022][  0]LogPakFile: PakFile FullDirectoryIndexSize=138
[2021.11.12-14.48.37:022][  0]LogShaderLibrary: Display: ShaderCodeLibraryPakFileMountedCallback: PakFile 'C:/Program Files/Epic Games/UE_4.27/FeaturePacks/TP_Puzzle.upack' (chunk index -1, root 'root:/') mounted
[2021.11.12-14.48.37:022][  0]LogShaderLibrary: Display: ShaderCodeLibraryPakFileMountedCallback: pending pak file info (ChunkID:-1 Root:root:/ File:C:/Program Files/Epic Games/UE_4.27/FeaturePacks/TP_Puzzle.upack)
[2021.11.12-14.48.37:022][  0]LogPakFile: OnPakFileMounted2Time == 0.000039
[2021.11.12-14.48.37:033][  0]LogPakFile: PakFile PrimaryIndexSize=184
[2021.11.12-14.48.37:033][  0]LogPakFile: PakFile PathHashIndexSize=101
[2021.11.12-14.48.37:033][  0]LogPakFile: PakFile FullDirectoryIndexSize=142
[2021.11.12-14.48.37:033][  0]LogShaderLibrary: Display: ShaderCodeLibraryPakFileMountedCallback: PakFile 'C:/Program Files/Epic Games/UE_4.27/FeaturePacks/TP_PuzzleBP.upack' (chunk index -1, root 'root:/') mounted
[2021.11.12-14.48.37:033][  0]LogShaderLibrary: Display: ShaderCodeLibraryPakFileMountedCallback: pending pak file info (ChunkID:-1 Root:root:/ File:C:/Program Files/Epic Games/UE_4.27/FeaturePacks/TP_PuzzleBP.upack)
[2021.11.12-14.48.37:033][  0]LogPakFile: OnPakFileMounted2Time == 0.000039
[2021.11.12-14.48.37:042][  0]LogPakFile: PakFile PrimaryIndexSize=183
[2021.11.12-14.48.37:042][  0]LogPakFile: PakFile PathHashIndexSize=101
[2021.11.12-14.48.37:042][  0]LogPakFile: PakFile FullDirectoryIndexSize=140
[2021.11.12-14.48.37:042][  0]LogShaderLibrary: Display: ShaderCodeLibraryPakFileMountedCallback: PakFile 'C:/Program Files/Epic Games/UE_4.27/FeaturePacks/TP_Rolling.upack' (chunk index -1, root 'root:/') mounted
[2021.11.12-14.48.37:042][  0]LogShaderLibrary: Display: ShaderCodeLibraryPakFileMountedCallback: pending pak file info (ChunkID:-1 Root:root:/ File:C:/Program Files/Epic Games/UE_4.27/FeaturePacks/TP_Rolling.upack)
[2021.11.12-14.48.37:042][  0]LogPakFile: OnPakFileMounted2Time == 0.000039
[2021.11.12-14.48.37:050][  0]LogPakFile: PakFile PrimaryIndexSize=185
[2021.11.12-14.48.37:050][  0]LogPakFile: PakFile PathHashIndexSize=101
[2021.11.12-14.48.37:050][  0]LogPakFile: PakFile FullDirectoryIndexSize=144
[2021.11.12-14.48.37:050][  0]LogShaderLibrary: Display: ShaderCodeLibraryPakFileMountedCallback: PakFile 'C:/Program Files/Epic Games/UE_4.27/FeaturePacks/TP_RollingBP.upack' (chunk index -1, root 'root:/') mounted
[2021.11.12-14.48.37:050][  0]LogShaderLibrary: Display: ShaderCodeLibraryPakFileMountedCallback: pending pak file info (ChunkID:-1 Root:root:/ File:C:/Program Files/Epic Games/UE_4.27/FeaturePacks/TP_RollingBP.upack)
[2021.11.12-14.48.37:050][  0]LogPakFile: OnPakFileMounted2Time == 0.000036
[2021.11.12-14.48.37:058][  0]LogPakFile: PakFile PrimaryIndexSize=188
[2021.11.12-14.48.37:058][  0]LogPakFile: PakFile PathHashIndexSize=101
[2021.11.12-14.48.37:058][  0]LogPakFile: PakFile FullDirectoryIndexSize=150
[2021.11.12-14.48.37:058][  0]LogShaderLibrary: Display: ShaderCodeLibraryPakFileMountedCallback: PakFile 'C:/Program Files/Epic Games/UE_4.27/FeaturePacks/TP_SideScroller.upack' (chunk index -1, root 'root:/') mounted
[2021.11.12-14.48.37:058][  0]LogShaderLibrary: Display: ShaderCodeLibraryPakFileMountedCallback: pending pak file info (ChunkID:-1 Root:root:/ File:C:/Program Files/Epic Games/UE_4.27/FeaturePacks/TP_SideScroller.upack)
[2021.11.12-14.48.37:058][  0]LogPakFile: OnPakFileMounted2Time == 0.000034
[2021.11.12-14.48.37:066][  0]LogPakFile: PakFile PrimaryIndexSize=190
[2021.11.12-14.48.37:067][  0]LogPakFile: PakFile PathHashIndexSize=101
[2021.11.12-14.48.37:067][  0]LogPakFile: PakFile FullDirectoryIndexSize=154
[2021.11.12-14.48.37:067][  0]LogShaderLibrary: Display: ShaderCodeLibraryPakFileMountedCallback: PakFile 'C:/Program Files/Epic Games/UE_4.27/FeaturePacks/TP_SideScrollerBP.upack' (chunk index -1, root 'root:/') mounted
[2021.11.12-14.48.37:067][  0]LogShaderLibrary: Display: ShaderCodeLibraryPakFileMountedCallback: pending pak file info (ChunkID:-1 Root:root:/ File:C:/Program Files/Epic Games/UE_4.27/FeaturePacks/TP_SideScrollerBP.upack)
[2021.11.12-14.48.37:067][  0]LogPakFile: OnPakFileMounted2Time == 0.000043
[2021.11.12-14.48.37:082][  0]LogPakFile: PakFile PrimaryIndexSize=187
[2021.11.12-14.48.37:083][  0]LogPakFile: PakFile PathHashIndexSize=101
[2021.11.12-14.48.37:083][  0]LogPakFile: PakFile FullDirectoryIndexSize=148
[2021.11.12-14.48.37:083][  0]LogShaderLibrary: Display: ShaderCodeLibraryPakFileMountedCallback: PakFile 'C:/Program Files/Epic Games/UE_4.27/FeaturePacks/TP_ThirdPerson.upack' (chunk index -1, root 'root:/') mounted
[2021.11.12-14.48.37:083][  0]LogShaderLibrary: Display: ShaderCodeLibraryPakFileMountedCallback: pending pak file info (ChunkID:-1 Root:root:/ File:C:/Program Files/Epic Games/UE_4.27/FeaturePacks/TP_ThirdPerson.upack)
[2021.11.12-14.48.37:083][  0]LogPakFile: OnPakFileMounted2Time == 0.000039
[2021.11.12-14.48.37:100][  0]LogPakFile: PakFile PrimaryIndexSize=189
[2021.11.12-14.48.37:100][  0]LogPakFile: PakFile PathHashIndexSize=101
[2021.11.12-14.48.37:100][  0]LogPakFile: PakFile FullDirectoryIndexSize=152
[2021.11.12-14.48.37:101][  0]LogShaderLibrary: Display: ShaderCodeLibraryPakFileMountedCallback: PakFile 'C:/Program Files/Epic Games/UE_4.27/FeaturePacks/TP_ThirdPersonBP.upack' (chunk index -1, root 'root:/') mounted
[2021.11.12-14.48.37:101][  0]LogShaderLibrary: Display: ShaderCodeLibraryPakFileMountedCallback: pending pak file info (ChunkID:-1 Root:root:/ File:C:/Program Files/Epic Games/UE_4.27/FeaturePacks/TP_ThirdPersonBP.upack)
[2021.11.12-14.48.37:101][  0]LogPakFile: OnPakFileMounted2Time == 0.000045
[2021.11.12-14.48.37:105][  0]LogPakFile: PakFile PrimaryIndexSize=183
[2021.11.12-14.48.37:105][  0]LogPakFile: PakFile PathHashIndexSize=101
[2021.11.12-14.48.37:105][  0]LogPakFile: PakFile FullDirectoryIndexSize=140
[2021.11.12-14.48.37:105][  0]LogShaderLibrary: Display: ShaderCodeLibraryPakFileMountedCallback: PakFile 'C:/Program Files/Epic Games/UE_4.27/FeaturePacks/TP_TopDown.upack' (chunk index -1, root 'root:/') mounted
[2021.11.12-14.48.37:105][  0]LogShaderLibrary: Display: ShaderCodeLibraryPakFileMountedCallback: pending pak file info (ChunkID:-1 Root:root:/ File:C:/Program Files/Epic Games/UE_4.27/FeaturePacks/TP_TopDown.upack)
[2021.11.12-14.48.37:105][  0]LogPakFile: OnPakFileMounted2Time == 0.000043
[2021.11.12-14.48.37:115][  0]LogPakFile: PakFile PrimaryIndexSize=185
[2021.11.12-14.48.37:115][  0]LogPakFile: PakFile PathHashIndexSize=101
[2021.11.12-14.48.37:115][  0]LogPakFile: PakFile FullDirectoryIndexSize=144
[2021.11.12-14.48.37:115][  0]LogShaderLibrary: Display: ShaderCodeLibraryPakFileMountedCallback: PakFile 'C:/Program Files/Epic Games/UE_4.27/FeaturePacks/TP_TopDownBP.upack' (chunk index -1, root 'root:/') mounted
[2021.11.12-14.48.37:115][  0]LogShaderLibrary: Display: ShaderCodeLibraryPakFileMountedCallback: pending pak file info (ChunkID:-1 Root:root:/ File:C:/Program Files/Epic Games/UE_4.27/FeaturePacks/TP_TopDownBP.upack)
[2021.11.12-14.48.37:115][  0]LogPakFile: OnPakFileMounted2Time == 0.000039
[2021.11.12-14.48.37:131][  0]LogPakFile: PakFile PrimaryIndexSize=185
[2021.11.12-14.48.37:131][  0]LogPakFile: PakFile PathHashIndexSize=101
[2021.11.12-14.48.37:131][  0]LogPakFile: PakFile FullDirectoryIndexSize=144
[2021.11.12-14.48.37:131][  0]LogShaderLibrary: Display: ShaderCodeLibraryPakFileMountedCallback: PakFile 'C:/Program Files/Epic Games/UE_4.27/FeaturePacks/TP_TwinStick.upack' (chunk index -1, root 'root:/') mounted
[2021.11.12-14.48.37:131][  0]LogShaderLibrary: Display: ShaderCodeLibraryPakFileMountedCallback: pending pak file info (ChunkID:-1 Root:root:/ File:C:/Program Files/Epic Games/UE_4.27/FeaturePacks/TP_TwinStick.upack)
[2021.11.12-14.48.37:131][  0]LogPakFile: OnPakFileMounted2Time == 0.000041
[2021.11.12-14.48.37:146][  0]LogPakFile: PakFile PrimaryIndexSize=187
[2021.11.12-14.48.37:146][  0]LogPakFile: PakFile PathHashIndexSize=101
[2021.11.12-14.48.37:146][  0]LogPakFile: PakFile FullDirectoryIndexSize=148
[2021.11.12-14.48.37:146][  0]LogShaderLibrary: Display: ShaderCodeLibraryPakFileMountedCallback: PakFile 'C:/Program Files/Epic Games/UE_4.27/FeaturePacks/TP_TwinStickBP.upack' (chunk index -1, root 'root:/') mounted
[2021.11.12-14.48.37:146][  0]LogShaderLibrary: Display: ShaderCodeLibraryPakFileMountedCallback: pending pak file info (ChunkID:-1 Root:root:/ File:C:/Program Files/Epic Games/UE_4.27/FeaturePacks/TP_TwinStickBP.upack)
[2021.11.12-14.48.37:146][  0]LogPakFile: OnPakFileMounted2Time == 0.000038
[2021.11.12-14.48.37:160][  0]LogPakFile: PakFile PrimaryIndexSize=183
[2021.11.12-14.48.37:160][  0]LogPakFile: PakFile PathHashIndexSize=101
[2021.11.12-14.48.37:160][  0]LogPakFile: PakFile FullDirectoryIndexSize=140
[2021.11.12-14.48.37:160][  0]LogShaderLibrary: Display: ShaderCodeLibraryPakFileMountedCallback: PakFile 'C:/Program Files/Epic Games/UE_4.27/FeaturePacks/TP_Vehicle.upack' (chunk index -1, root 'root:/') mounted
[2021.11.12-14.48.37:160][  0]LogShaderLibrary: Display: ShaderCodeLibraryPakFileMountedCallback: pending pak file info (ChunkID:-1 Root:root:/ File:C:/Program Files/Epic Games/UE_4.27/FeaturePacks/TP_Vehicle.upack)
[2021.11.12-14.48.37:160][  0]LogPakFile: OnPakFileMounted2Time == 0.000035
[2021.11.12-14.48.37:176][  0]LogPakFile: PakFile PrimaryIndexSize=186
[2021.11.12-14.48.37:176][  0]LogPakFile: PakFile PathHashIndexSize=101
[2021.11.12-14.48.37:176][  0]LogPakFile: PakFile FullDirectoryIndexSize=146
[2021.11.12-14.48.37:176][  0]LogShaderLibrary: Display: ShaderCodeLibraryPakFileMountedCallback: PakFile 'C:/Program Files/Epic Games/UE_4.27/FeaturePacks/TP_VehicleAdv.upack' (chunk index -1, root 'root:/') mounted
[2021.11.12-14.48.37:176][  0]LogShaderLibrary: Display: ShaderCodeLibraryPakFileMountedCallback: pending pak file info (ChunkID:-1 Root:root:/ File:C:/Program Files/Epic Games/UE_4.27/FeaturePacks/TP_VehicleAdv.upack)
[2021.11.12-14.48.37:176][  0]LogPakFile: OnPakFileMounted2Time == 0.000039
[2021.11.12-14.48.37:211][  0]LogPakFile: PakFile PrimaryIndexSize=188
[2021.11.12-14.48.37:211][  0]LogPakFile: PakFile PathHashIndexSize=101
[2021.11.12-14.48.37:211][  0]LogPakFile: PakFile FullDirectoryIndexSize=150
[2021.11.12-14.48.37:211][  0]LogShaderLibrary: Display: ShaderCodeLibraryPakFileMountedCallback: PakFile 'C:/Program Files/Epic Games/UE_4.27/FeaturePacks/TP_VehicleAdvBP.upack' (chunk index -1, root 'root:/') mounted
[2021.11.12-14.48.37:211][  0]LogShaderLibrary: Display: ShaderCodeLibraryPakFileMountedCallback: pending pak file info (ChunkID:-1 Root:root:/ File:C:/Program Files/Epic Games/UE_4.27/FeaturePacks/TP_VehicleAdvBP.upack)
[2021.11.12-14.48.37:211][  0]LogPakFile: OnPakFileMounted2Time == 0.000036
[2021.11.12-14.48.37:215][  0]LogPakFile: PakFile PrimaryIndexSize=185
[2021.11.12-14.48.37:215][  0]LogPakFile: PakFile PathHashIndexSize=101
[2021.11.12-14.48.37:215][  0]LogPakFile: PakFile FullDirectoryIndexSize=144
[2021.11.12-14.48.37:215][  0]LogShaderLibrary: Display: ShaderCodeLibraryPakFileMountedCallback: PakFile 'C:/Program Files/Epic Games/UE_4.27/FeaturePacks/TP_VehicleBP.upack' (chunk index -1, root 'root:/') mounted
[2021.11.12-14.48.37:215][  0]LogShaderLibrary: Display: ShaderCodeLibraryPakFileMountedCallback: pending pak file info (ChunkID:-1 Root:root:/ File:C:/Program Files/Epic Games/UE_4.27/FeaturePacks/TP_VehicleBP.upack)
[2021.11.12-14.48.37:215][  0]LogPakFile: OnPakFileMounted2Time == 0.000034
[2021.11.12-14.48.37:226][  0]LogPakFile: PakFile PrimaryIndexSize=192
[2021.11.12-14.48.37:226][  0]LogPakFile: PakFile PathHashIndexSize=101
[2021.11.12-14.48.37:226][  0]LogPakFile: PakFile FullDirectoryIndexSize=158
[2021.11.12-14.48.37:226][  0]LogShaderLibrary: Display: ShaderCodeLibraryPakFileMountedCallback: PakFile 'C:/Program Files/Epic Games/UE_4.27/FeaturePacks/TP_VirtualRealityBP.upack' (chunk index -1, root 'root:/') mounted
[2021.11.12-14.48.37:226][  0]LogShaderLibrary: Display: ShaderCodeLibraryPakFileMountedCallback: pending pak file info (ChunkID:-1 Root:root:/ File:C:/Program Files/Epic Games/UE_4.27/FeaturePacks/TP_VirtualRealityBP.upack)
[2021.11.12-14.48.37:226][  0]LogPakFile: OnPakFileMounted2Time == 0.000033
[2021.11.12-14.48.38:007][  0]LogNativeClassHierarchy: Verbose: Native class hierarchy updated for 'AddContentDialog' in 0.0002 seconds. Added 0 classes and 0 folders.
[2021.11.12-14.48.38:008][  0]LogNativeClassHierarchy: Verbose: Native class hierarchy updated for 'SceneOutliner' in 0.0002 seconds. Added 2 classes and 0 folders.
[2021.11.12-14.48.38:026][  0]LogSlate: Took 0.000141 seconds to synchronously load lazily loaded font '../../../Engine/Content/Slate/Fonts/Roboto-Regular.ttf' (155K)
[2021.11.12-14.48.38:065][  0]LogSlate: Took 0.038032 seconds to synchronously load lazily loaded font '../../../Engine/Content/Editor/Slate/Fonts/FontAwesome.ttf' (139K)
[2021.11.12-14.48.38:066][  0]LogSlate: Took 0.000112 seconds to synchronously load lazily loaded font '../../../Engine/Content/Slate/Fonts/Roboto-Bold.ttf' (160K)
[2021.11.12-14.48.38:253][  0]LogRenderer: Reallocating scene render targets to support 1184x608 Format 10 NumSamples 1 (Frame:1).
[2021.11.12-14.48.38:333][  0]LogNativeClassHierarchy: Verbose: Native class hierarchy updated for 'HierarchicalLODOutliner' in 0.0002 seconds. Added 0 classes and 0 folders.
[2021.11.12-14.48.38:333][  0]LogInput: Warning: Action Jump uses invalid key OculusGo_Left_Trigger_Click.
[2021.11.12-14.48.38:333][  0]LogInput: Warning: Action ResetVR uses invalid key OculusGo_Left_Trackpad_Click.
[2021.11.12-14.48.38:333][  0]LogInput: Warning: Use -RemoveInvalidKeys to remove instances of these keys from the action mapping.
[2021.11.12-14.48.38:333][  0]LogLoad: (Engine Initialization) Total time: 10.22 seconds
[2021.11.12-14.48.38:333][  0]LogLoad: (Engine Initialization) Total Blueprint compile time: 0.00 seconds
[2021.11.12-14.48.38:371][  0]LogAssetRegistry: Asset discovery search completed in 7.0019 seconds
[2021.11.12-14.48.38:376][  0]LogCollectionManager: Fixed up redirectors for 0 collections in 0.000003 seconds (updated 0 objects)
[2021.11.12-14.48.38:377][  0]LogContentStreaming: Texture pool size now 1000 MB
[2021.11.12-14.48.38:494][  4]LogSlate: Took 0.017459 seconds to synchronously load lazily loaded font '../../../Engine/Content/Slate/Fonts/Roboto-Light.ttf' (167K)
